<?xml version="1.0" encoding="UTF-8"?>
<testsuite name="com.acme.temperature.maximum.TopSensorsIntegrationTest" tests="2" skipped="0" failures="0" errors="0" timestamp="2015-09-14T12:12:56" hostname="feynman" time="11.455">
  <properties/>
  <testcase name="testTupleType" classname="com.acme.temperature.maximum.TopSensorsIntegrationTest" time="4.615"/>
  <testcase name="testJson" classname="com.acme.temperature.maximum.TopSensorsIntegrationTest" time="6.84"/>
  <system-out><![CDATA[
 _____                           __   _______
/  ___|          (-)             \ \ / /  _  \
\ `--. _ __  _ __ _ _ __   __ _   \ V /| | | |
 `--. \ '_ \| '__| | '_ \ / _` |  / ^ \| | | |
/\__/ / |_) | |  | | | | | (_| | / / \ \ |/ /
\____/| .__/|_|  |_|_| |_|\__, | \/   \/___/
      | |                  __/ |
      |_|                 |___/
1.2.1.RELEASE                    eXtreme Data


Started : SingleNodeApplication
Documentation: https://github.com/spring-projects/spring-xd/wiki

2015-09-14 08:12:38.274  INFO 5874 --- [    Test worker] o.s.boot.SpringApplication               : Starting application on feynman with PID 5874 (/home/mpollack/.gradle/caches/modules-2/files-2.1/org.springframework.boot/spring-boot/1.2.5.RELEASE/d12969adffe18f6f778451b1a8d1dab485ab4a03/spring-boot-1.2.5.RELEASE.jar started by mpollack in /home/mpollack/projects/spring-xd-demo/top-sensor)
2015-09-14 08:12:38.568  INFO 5874 --- [    Test worker] s.c.a.AnnotationConfigApplicationContext : Refreshing org.springframework.context.annotation.AnnotationConfigApplicationContext@bea0cc0: startup date [Mon Sep 14 08:12:38 EDT 2015]; root of context hierarchy
2015-09-14 08:12:38.761  INFO 5874 --- [    Test worker] o.s.boot.SpringApplication               : Started application in 0.883 seconds (JVM running for 2.078)
2015-09-14 08:12:38.947  INFO 5874 --- [    Test worker] s.c.a.AnnotationConfigApplicationContext : Refreshing org.springframework.context.annotation.AnnotationConfigApplicationContext@7559d51: startup date [Mon Sep 14 08:12:38 EDT 2015]; root of context hierarchy
2015-09-14 08:12:39.485  INFO 5874 --- [    Test worker] o.s.b.f.xml.XmlBeanDefinitionReader      : Loading XML bean definitions from class path resource [META-INF/spring-xd/global/parent-context.xml]
2015-09-14 08:12:39.620  INFO 5874 --- [    Test worker] o.s.b.f.xml.XmlBeanDefinitionReader      : Loading XML bean definitions from class path resource [META-INF/spring-xd/batch/batch.xml]
2015-09-14 08:12:39.655  INFO 5874 --- [    Test worker] o.s.b.f.xml.XmlBeanDefinitionReader      : Loading XML bean definitions from class path resource [org/springframework/xd/batch/hsql-datasource.xml]
2015-09-14 08:12:39.702  INFO 5874 --- [    Test worker] o.s.b.f.config.PropertiesFactoryBean     : Loading properties file from URL [jar:file:/home/mpollack/.gradle/caches/modules-2/files-2.1/org.springframework.integration/spring-integration-core/4.1.6.RELEASE/7b95eb7f4c08070c345a723720fd5dbccf71b140/spring-integration-core-4.1.6.RELEASE.jar!/META-INF/spring.integration.default.properties]
2015-09-14 08:12:39.704  INFO 5874 --- [    Test worker] o.s.i.config.IntegrationRegistrar        : No bean named 'integrationHeaderChannelRegistry' has been explicitly defined. Therefore, a default DefaultHeaderChannelRegistry will be created.
2015-09-14 08:12:39.707  WARN 5874 --- [    Test worker] o.s.i.config.IntegrationRegistrar        : The '#jsonPath' SpEL function cannot be registered. The version of json-path found on the classpath is not supported. Supported json-path version is '0.9.1'. Upgrade to Spring Integration 4.2 or later to use json-path 1.0 or later.
2015-09-14 08:12:40.073  WARN 5874 --- [    Test worker] o.s.c.a.ConfigurationClassEnhancer       : @Bean method ScopeConfiguration.stepScope is non-static and returns an object assignable to Spring's BeanFactoryPostProcessor interface. This will result in a failure to process annotations such as @Autowired, @Resource and @PostConstruct within the method's declaring @Configuration class. Add the 'static' modifier to this method to avoid these container lifecycle issues; see @Bean javadoc for complete details.
2015-09-14 08:12:40.079  WARN 5874 --- [    Test worker] o.s.c.a.ConfigurationClassEnhancer       : @Bean method ScopeConfiguration.jobScope is non-static and returns an object assignable to Spring's BeanFactoryPostProcessor interface. This will result in a failure to process annotations such as @Autowired, @Resource and @PostConstruct within the method's declaring @Configuration class. Add the 'static' modifier to this method to avoid these container lifecycle issues; see @Bean javadoc for complete details.
2015-09-14 08:12:40.092  INFO 5874 --- [    Test worker] faultConfiguringBeanFactoryPostProcessor : No bean named 'errorChannel' has been explicitly defined. Therefore, a default PublishSubscribeChannel will be created.
2015-09-14 08:12:40.094  INFO 5874 --- [    Test worker] faultConfiguringBeanFactoryPostProcessor : No bean named 'taskScheduler' has been explicitly defined. Therefore, a default ThreadPoolTaskScheduler will be created.
2015-09-14 08:12:40.226  INFO 5874 --- [    Test worker] trationDelegate$BeanPostProcessorChecker : Bean 'org.springframework.amqp.rabbit.annotation.RabbitBootstrapConfiguration' of type [class org.springframework.amqp.rabbit.annotation.RabbitBootstrapConfiguration$$EnhancerBySpringCGLIB$$1a25ed7e] is not eligible for getting processed by all BeanPostProcessors (for example: not eligible for auto-proxying)
2015-09-14 08:12:40.323  INFO 5874 --- [    Test worker] trationDelegate$BeanPostProcessorChecker : Bean 'org.springframework.transaction.annotation.ProxyTransactionManagementConfiguration' of type [class org.springframework.transaction.annotation.ProxyTransactionManagementConfiguration$$EnhancerBySpringCGLIB$$10be5d10] is not eligible for getting processed by all BeanPostProcessors (for example: not eligible for auto-proxying)
2015-09-14 08:12:40.336  INFO 5874 --- [    Test worker] trationDelegate$BeanPostProcessorChecker : Bean 'transactionAttributeSource' of type [class org.springframework.transaction.annotation.AnnotationTransactionAttributeSource] is not eligible for getting processed by all BeanPostProcessors (for example: not eligible for auto-proxying)
2015-09-14 08:12:40.345  INFO 5874 --- [    Test worker] trationDelegate$BeanPostProcessorChecker : Bean 'transactionInterceptor' of type [class org.springframework.transaction.interceptor.TransactionInterceptor] is not eligible for getting processed by all BeanPostProcessors (for example: not eligible for auto-proxying)
2015-09-14 08:12:40.350  INFO 5874 --- [    Test worker] trationDelegate$BeanPostProcessorChecker : Bean 'org.springframework.transaction.config.internalTransactionAdvisor' of type [class org.springframework.transaction.interceptor.BeanFactoryTransactionAttributeSourceAdvisor] is not eligible for getting processed by all BeanPostProcessors (for example: not eligible for auto-proxying)
2015-09-14 08:12:40.369  INFO 5874 --- [    Test worker] o.s.b.f.config.PropertiesFactoryBean     : Loading properties file from URL [jar:file:/home/mpollack/.gradle/caches/modules-2/files-2.1/org.springframework.integration/spring-integration-core/4.1.6.RELEASE/7b95eb7f4c08070c345a723720fd5dbccf71b140/spring-integration-core-4.1.6.RELEASE.jar!/META-INF/spring.integration.default.properties]
2015-09-14 08:12:40.370  INFO 5874 --- [    Test worker] trationDelegate$BeanPostProcessorChecker : Bean 'integrationGlobalProperties' of type [class org.springframework.beans.factory.config.PropertiesFactoryBean] is not eligible for getting processed by all BeanPostProcessors (for example: not eligible for auto-proxying)
2015-09-14 08:12:40.371  INFO 5874 --- [    Test worker] trationDelegate$BeanPostProcessorChecker : Bean 'integrationGlobalProperties' of type [class java.util.Properties] is not eligible for getting processed by all BeanPostProcessors (for example: not eligible for auto-proxying)
2015-09-14 08:12:40.376  INFO 5874 --- [    Test worker] trationDelegate$BeanPostProcessorChecker : Bean 'messageBuilderFactory' of type [class org.springframework.integration.support.DefaultMessageBuilderFactory] is not eligible for getting processed by all BeanPostProcessors (for example: not eligible for auto-proxying)
2015-09-14 08:12:40.409  INFO 5874 --- [    Test worker] trationDelegate$BeanPostProcessorChecker : Bean '(inner bean)#32836786' of type [class org.springframework.integration.channel.MessagePublishingErrorHandler] is not eligible for getting processed by all BeanPostProcessors (for example: not eligible for auto-proxying)
2015-09-14 08:12:40.411  INFO 5874 --- [    Test worker] o.s.s.c.ThreadPoolTaskScheduler          : Initializing ExecutorService  'taskScheduler'
2015-09-14 08:12:40.413  INFO 5874 --- [    Test worker] trationDelegate$BeanPostProcessorChecker : Bean 'taskScheduler' of type [class org.springframework.scheduling.concurrent.ThreadPoolTaskScheduler] is not eligible for getting processed by all BeanPostProcessors (for example: not eligible for auto-proxying)
2015-09-14 08:12:40.415  INFO 5874 --- [    Test worker] trationDelegate$BeanPostProcessorChecker : Bean 'integrationHeaderChannelRegistry' of type [class org.springframework.integration.channel.DefaultHeaderChannelRegistry] is not eligible for getting processed by all BeanPostProcessors (for example: not eligible for auto-proxying)
2015-09-14 08:12:40.583  INFO 5874 --- [    Test worker] o.s.j.d.DriverManagerDataSource          : Loaded JDBC driver: org.hsqldb.jdbc.JDBCDriver
2015-09-14 08:12:40.726  INFO 5874 --- [    Test worker] o.s.s.c.ThreadPoolTaskScheduler          : Initializing ExecutorService  'scheduler'
2015-09-14 08:12:40.772  INFO 5874 --- [    Test worker] o.s.x.b.hsqldb.server.HSQLServerBean     : Starting HSQL Server database 'dbname-1442232757762' listening on port: 50796
08:12:41,165  INFO HSQLDB Server @6438e05f HSQLDB4FCBC57B25.ENGINE - Checkpoint start
08:12:41,165  INFO HSQLDB Server @6438e05f HSQLDB4FCBC57B25.ENGINE - checkpointClose start
08:12:45,095  INFO HSQLDB Server @6438e05f HSQLDB4FCBC57B25.ENGINE - checkpointClose end
08:12:45,096  INFO HSQLDB Server @6438e05f HSQLDB4FCBC57B25.ENGINE - Checkpoint end - txts: 1
2015-09-14 08:12:45.208  INFO 5874 --- [    Test worker] o.s.x.b.hsqldb.server.HSQLServerBean     : Started HSQL Server
2015-09-14 08:12:45.347  INFO 5874 --- [    Test worker] o.s.b.c.r.s.JobRepositoryFactoryBean     : No database type set, using meta data indicating: HSQL
2015-09-14 08:12:45.556  INFO 5874 --- [    Test worker] o.s.b.c.r.s.JobRepositoryFactoryBean     : No database type set, using meta data indicating: HSQL
2015-09-14 08:12:45.559  INFO 5874 --- [    Test worker] o.s.b.c.l.support.SimpleJobLauncher      : No TaskExecutor has been set, defaulting to synchronous executor.
2015-09-14 08:12:45.950  INFO 5874 --- [    Test worker] o.s.s.concurrent.ThreadPoolTaskExecutor  : Initializing ExecutorService  'metricsExecutor'
2015-09-14 08:12:46.962  INFO 5874 --- [    Test worker] o.s.c.support.DefaultLifecycleProcessor  : Starting beans in phase -2147483648
2015-09-14 08:12:46.963  INFO 5874 --- [    Test worker] o.s.c.support.DefaultLifecycleProcessor  : Starting beans in phase 0
2015-09-14 08:12:46.964  INFO 5874 --- [    Test worker] o.s.i.endpoint.EventDrivenConsumer       : Adding {logging-channel-adapter:_org.springframework.integration.errorLogger} as a subscriber to the 'errorChannel' channel
2015-09-14 08:12:46.964  INFO 5874 --- [    Test worker] o.s.i.channel.PublishSubscribeChannel    : Channel 'application:default,admin,singlenode:59535.errorChannel' has 1 subscriber(s).
2015-09-14 08:12:46.964  INFO 5874 --- [    Test worker] o.s.i.endpoint.EventDrivenConsumer       : started _org.springframework.integration.errorLogger
2015-09-14 08:12:46.964  INFO 5874 --- [    Test worker] o.s.c.support.DefaultLifecycleProcessor  : Starting beans in phase 2147483647
2015-09-14 08:12:47.020  INFO 5874 --- [    Test worker] s.c.a.AnnotationConfigApplicationContext : Refreshing org.springframework.context.annotation.AnnotationConfigApplicationContext@6d23e5fd: startup date [Mon Sep 14 08:12:47 EDT 2015]; parent: org.springframework.context.annotation.AnnotationConfigApplicationContext@7559d51
2015-09-14 08:12:47.032  INFO 5874 --- [    Test worker] o.s.b.f.xml.XmlBeanDefinitionReader      : Loading XML bean definitions from class path resource [META-INF/spring-xd/bus/local-bus.xml]
2015-09-14 08:12:47.067  INFO 5874 --- [    Test worker] o.s.b.f.xml.XmlBeanDefinitionReader      : Loading XML bean definitions from class path resource [META-INF/spring-xd/internal/repositories.xml]
2015-09-14 08:12:47.078  INFO 5874 --- [    Test worker] o.s.b.f.xml.XmlBeanDefinitionReader      : Loading XML bean definitions from class path resource [META-INF/spring-xd/analytics/memory-analytics.xml]
2015-09-14 08:12:47.187  INFO 5874 --- [    Test worker] o.s.x.d.i.b.s.k.CompositeKryoRegistrar   : configured Kryo registration [40, java.io.File] with serializer org.springframework.xd.dirt.integration.bus.serializer.kryo.FileSerializer
2015-09-14 08:12:47.189  INFO 5874 --- [    Test worker] o.s.x.d.i.b.s.k.CompositeKryoRegistrar   : configured Kryo registration [41, org.springframework.xd.tuple.DefaultTuple] with serializer org.springframework.xd.tuple.serializer.kryo.DefaultTupleSerializer
2015-09-14 08:12:47.189  INFO 5874 --- [    Test worker] o.s.x.d.i.b.s.k.CompositeKryoRegistrar   : configured Kryo registration [42, java.util.ArrayList] with serializer com.esotericsoftware.kryo.serializers.CollectionSerializer
2015-09-14 08:12:47.213  INFO 5874 --- [    Test worker] o.s.s.concurrent.ThreadPoolTaskExecutor  : Initializing ExecutorService 
2015-09-14 08:12:47.316  INFO 5874 --- [    Test worker] .s.x.d.m.CustomModuleRegistryFactoryBean : Custom modules will be written directly to file:/home/mpollack/software/spring-xd-1.2.1.RELEASE/xd/custom-modules
2015-09-14 08:12:47.367  INFO 5874 --- [    Test worker] o.s.c.support.DefaultLifecycleProcessor  : Starting beans in phase -2147483648
2015-09-14 08:12:47.367  INFO 5874 --- [    Test worker] o.s.c.support.DefaultLifecycleProcessor  : Starting beans in phase 0
2015-09-14 08:12:47.368  INFO 5874 --- [    Test worker] o.s.c.support.DefaultLifecycleProcessor  : Starting beans in phase 2147483647
2015-09-14 08:12:47.377  INFO 5874 --- [ Server Starter] o.a.z.server.ZooKeeperServerMain         : Starting server
2015-09-14 08:12:47.385  INFO 5874 --- [ Server Starter] o.a.zookeeper.server.ZooKeeperServer     : Server environment:zookeeper.version=3.4.6-1569965, built on 02/20/2014 09:09 GMT
2015-09-14 08:12:47.387  INFO 5874 --- [ Server Starter] o.a.zookeeper.server.ZooKeeperServer     : Server environment:host.name=feynman
2015-09-14 08:12:47.387  INFO 5874 --- [ Server Starter] o.a.zookeeper.server.ZooKeeperServer     : Server environment:java.version=1.8.0_20
2015-09-14 08:12:47.388  INFO 5874 --- [ Server Starter] o.a.zookeeper.server.ZooKeeperServer     : Server environment:java.vendor=Oracle Corporation
2015-09-14 08:12:47.388  INFO 5874 --- [ Server Starter] o.a.zookeeper.server.ZooKeeperServer     : Server environment:java.home=/home/mpollack/software/jdk1.8.0_20/jre
2015-09-14 08:12:47.388  INFO 5874 --- [ Server Starter] o.a.zookeeper.server.ZooKeeperServer     : Server environment:java.class.path=/home/mpollack/projects/spring-xd-demo/top-sensor/build/classes/test:/home/mpollack/projects/spring-xd-demo/top-sensor/build/resources/test:/home/mpollack/projects/spring-xd-demo/top-sensor/build/classes/main:/home/mpollack/projects/spring-xd-demo/top-sensor/build/resources/main:/home/mpollack/.gradle/caches/modules-2/files-2.1/org.springframework.xd/spring-xd-rxjava/1.2.1.RELEASE/a7a716e75400be27a29e3f65ba0ed04927183dea/spring-xd-rxjava-1.2.1.RELEASE.jar:/home/mpollack/.gradle/caches/modules-2/files-2.1/io.reactivex/rxjava-math/1.0.0/5efd0e3928c33c74bbc05d7425e3a4652b8fc0dc/rxjava-math-1.0.0.jar:/home/mpollack/.gradle/caches/modules-2/files-2.1/org.springframework.xd/spring-xd-dirt/1.2.1.RELEASE/c987d1c15c53fc8e15f935b691d155829d37e985/spring-xd-dirt-1.2.1.RELEASE.jar:/home/mpollack/.gradle/caches/modules-2/files-2.1/org.springframework.xd/spring-xd-test/1.2.1.RELEASE/9e372a5bc52004d77e9a9922264eacfe42591b48/spring-xd-test-1.2.1.RELEASE.jar:/home/mpollack/.gradle/caches/modules-2/files-2.1/org.springframework.integration/spring-integration-core/4.1.6.RELEASE/7b95eb7f4c08070c345a723720fd5dbccf71b140/spring-integration-core-4.1.6.RELEASE.jar:/home/mpollack/.gradle/caches/modules-2/files-2.1/org.springframework/spring-expression/4.1.7.RELEASE/9bc3b81d05961f042ea4a45e84d60cdc59ea51f5/spring-expression-4.1.7.RELEASE.jar:/home/mpollack/.gradle/caches/modules-2/files-2.1/org.springframework.data/spring-data-mongodb/1.7.0.RELEASE/cd5e6c52e00ea603ffc89282ca0f424c8c96f3ba/spring-data-mongodb-1.7.0.RELEASE.jar:/home/mpollack/.gradle/caches/modules-2/files-2.1/org.yaml/snakeyaml/1.14/c2df91929ed06a25001939929bff5120e0ea3fd4/snakeyaml-1.14.jar:/home/mpollack/.gradle/caches/modules-2/files-2.1/org.postgresql/postgresql/9.4-1201-jdbc41/870b0e689b514304461a9c1aba11920dc5de4321/postgresql-9.4-1201-jdbc41.jar:/home/mpollack/.gradle/caches/modules-2/files-2.1/mysql/mysql-connector-java/5.1.34/46deba4adbdb4967367b013cbc67b7f7373da60a/mysql-connector-java-5.1.34.jar:/home/mpollack/.gradle/caches/modules-2/files-2.1/org.springframework.data/spring-data-commons/1.10.0.RELEASE/f3c8d801fc68907ddef15d0d28ab2b3564900b14/spring-data-commons-1.10.0.RELEASE.jar:/home/mpollack/.gradle/caches/modules-2/files-2.1/org.codehaus.jackson/jackson-mapper-asl/1.9.13/1ee2f2bed0e5dd29d1cb155a166e6f8d50bbddb7/jackson-mapper-asl-1.9.13.jar:/home/mpollack/.gradle/caches/modules-2/files-2.1/org.springframework/spring-oxm/4.1.7.RELEASE/28288eeefe4cd8e2bb470227f96b0ae54c42b487/spring-oxm-4.1.7.RELEASE.jar:/home/mpollack/.gradle/caches/modules-2/files-2.1/org.apache.httpcomponents/httpclient/4.3.6/4c47155e3e6c9a41a28db36680b828ced53b8af4/httpclient-4.3.6.jar:/home/mpollack/.gradle/caches/modules-2/files-2.1/org.codehaus.groovy/groovy-all/2.4.4/b22748b6cf9a38c9777792175507a679043cdd64/groovy-all-2.4.4.jar:/home/mpollack/.gradle/caches/modules-2/files-2.1/org.springframework/spring-aop/4.1.7.RELEASE/127f005bac8ec1fbbbc5bb1595d78c6179394a46/spring-aop-4.1.7.RELEASE.jar:/home/mpollack/.gradle/caches/modules-2/files-2.1/org.springframework.xd/spring-xd-analytics/1.2.1.RELEASE/c49ec6f14eecc51e5312678676942b97541a1a00/spring-xd-analytics-1.2.1.RELEASE.jar:/home/mpollack/.gradle/caches/modules-2/files-2.1/org.springframework.xd/spring-xd-messagebus-spi/1.2.1.RELEASE/dff8540a1b7eafaaaf13751d722be9198a19cf17/spring-xd-messagebus-spi-1.2.1.RELEASE.jar:/home/mpollack/.gradle/caches/modules-2/files-2.1/org.springframework.xd/spring-xd-messagebus-local/1.2.1.RELEASE/4ac5009d8af4c44a9edf2392db198a952d53e87/spring-xd-messagebus-local-1.2.1.RELEASE.jar:/home/mpollack/.gradle/caches/modules-2/files-2.1/org.springframework.cloud/spring-cloud-spring-service-connector/1.1.1.RELEASE/4b107a7e73689ae33ada7e29943e7feee5b1dabb/spring-cloud-spring-service-connector-1.1.1.RELEASE.jar:/home/mpollack/.gradle/caches/modules-2/files-2.1/org.springframework.cloud/spring-cloud-cloudfoundry-connector/1.1.1.RELEASE/2e13e181bec2da39d89f5154f64f1ab121d1bfe8/spring-cloud-cloudfoundry-connector-1.1.1.RELEASE.jar:/home/mpollack/.gradle/caches/modules-2/files-2.1/org.springframework.boot/spring-boot-autoconfigure/1.2.5.RELEASE/8f1ee1f5e37723dd0e2cd3b05c6fc9268798b93d/spring-boot-autoconfigure-1.2.5.RELEASE.jar:/home/mpollack/.gradle/caches/modules-2/files-2.1/org.springframework.boot/spring-boot-actuator/1.2.5.RELEASE/e4fb248898da60475d73a24b32797a591d6b763c/spring-boot-actuator-1.2.5.RELEASE.jar:/home/mpollack/.gradle/caches/modules-2/files-2.1/org.springframework/spring-web/4.1.7.RELEASE/2d9245006b788d7d6afeec85a43e4bfe2e46340a/spring-web-4.1.7.RELEASE.jar:/home/mpollack/.gradle/caches/modules-2/files-2.1/org.springframework.boot/spring-boot-starter-security/1.2.5.RELEASE/9f12b93019d0547fb1aaea389b0c7d64b7e108e9/spring-boot-starter-security-1.2.5.RELEASE.jar:/home/mpollack/.gradle/caches/modules-2/files-2.1/org.springframework.security/spring-security-ldap/3.2.7.RELEASE/8956e502b2d0ead146078478a6bdb442cbbe414f/spring-security-ldap-3.2.7.RELEASE.jar:/home/mpollack/.gradle/caches/modules-2/files-2.1/org.springframework.xd/spring-xd-ui/1.2.1.RELEASE/edee479c51c563b5d6f1db616d157abfbe57889d/spring-xd-ui-1.2.1.RELEASE.jar:/home/mpollack/.gradle/caches/modules-2/files-2.1/org.springframework.data/spring-data-redis/1.5.0.RELEASE/779a339aadfe2bb0c8a74d81a773f366fa64a74e/spring-data-redis-1.5.0.RELEASE.jar:/home/mpollack/.gradle/caches/modules-2/files-2.1/org.springframework.integration/spring-integration-event/4.1.6.RELEASE/4ddbd55ad2853623feffd0d2e6114ceb5edfb1e/spring-integration-event-4.1.6.RELEASE.jar:/home/mpollack/.gradle/caches/modules-2/files-2.1/org.springframework.integration/spring-integration-xml/4.1.6.RELEASE/7920140abc82b0dee67c14cb2c7585f1a5b6498b/spring-integration-xml-4.1.6.RELEASE.jar:/home/mpollack/.gradle/caches/modules-2/files-2.1/org.springframework.integration/spring-integration-jmx/4.1.6.RELEASE/9847c1cf59631119f2896b17aa492dff8cdb44c8/spring-integration-jmx-4.1.6.RELEASE.jar:/home/mpollack/.gradle/caches/modules-2/files-2.1/org.jolokia/jolokia-core/1.2.3/72f34c68df0c68229fa765af1e5e29dba5349d59/jolokia-core-1.2.3.jar:/home/mpollack/.gradle/caches/modules-2/files-2.1/log4j/log4j/1.2.17/5af35056b4d257e4b64b9e8069c0746e8b08629f/log4j-1.2.17.jar:/home/mpollack/.gradle/caches/modules-2/files-2.1/redis.clients/jedis/2.6.2/b5572df5cedcc72fb12affd338ef34b628f98eff/jedis-2.6.2.jar:/home/mpollack/.gradle/caches/modules-2/files-2.1/org.apache.zookeeper/zookeeper/3.4.6/1b2502e29da1ebaade2357cd1de35a855fa3755/zookeeper-3.4.6.jar:/home/mpollack/.gradle/caches/modules-2/files-2.1/org.apache.curator/curator-recipes/2.6.0/8736b0fc42e6bf006d585fe85c90aaa4ade5cbef/curator-recipes-2.6.0.jar:/home/mpollack/.gradle/caches/modules-2/files-2.1/args4j/args4j/2.0.16/9f00fb12820743b9e05c686eba543d64dd43f2b1/args4j-2.0.16.jar:/home/mpollack/.gradle/caches/modules-2/files-2.1/org.springframework.batch/spring-batch-core/3.0.3.RELEASE/44afca9762100997ffa92a9f32464f71dfdae54f/spring-batch-core-3.0.3.RELEASE.jar:/home/mpollack/.gradle/caches/modules-2/files-2.1/org.apache.tomcat/tomcat-jdbc/8.0.20/7802cb686f4dec006ae31b86b283ddd45f4a3d/tomcat-jdbc-8.0.20.jar:/home/mpollack/.gradle/caches/modules-2/files-2.1/org.springframework.batch/spring-batch-admin-manager/1.3.0.RELEASE/d937f98ab8bf2968616177ee6c4ca8e14c5ee3e7/spring-batch-admin-manager-1.3.0.RELEASE.jar:/home/mpollack/.gradle/caches/modules-2/files-2.1/org.springframework.batch/spring-batch-integration/3.0.3.RELEASE/e385d56e7d58ec96d598670155f87e8038e00fe1/spring-batch-integration-3.0.3.RELEASE.jar:/home/mpollack/.gradle/caches/modules-2/files-2.1/org.hibernate/hibernate-validator/5.1.3.Final/334d46a93cf095160ce06d8382594b904933c808/hibernate-validator-5.1.3.Final.jar:/home/mpollack/.gradle/caches/modules-2/files-2.1/com.google.code.findbugs/jsr305/2.0.0/516c03b21d50a644d538de0f0369c620989cd8f0/jsr305-2.0.0.jar:/home/mpollack/.gradle/caches/modules-2/files-2.1/org.springframework.xd/spring-xd-batch/1.2.1.RELEASE/89118049aefea708b5d2b744134d9d302bbd8064/spring-xd-batch-1.2.1.RELEASE.jar:/home/mpollack/.gradle/caches/modules-2/files-2.1/org.springframework.xd/spring-xd-rest-domain/1.2.1.RELEASE/27ea3dd3883beb7edeff95daa87f339711e0ce49/spring-xd-rest-domain-1.2.1.RELEASE.jar:/home/mpollack/.gradle/caches/modules-2/files-2.1/org.springframework/spring-webmvc/4.1.7.RELEASE/b6b9f604cb2223251cae67fff7ca2b1d9ff1c2d8/spring-webmvc-4.1.7.RELEASE.jar:/home/mpollack/.gradle/caches/modules-2/files-2.1/org.springframework.xd/spring-xd-module/1.2.1.RELEASE/63069f1ba8e4a9ac6493641c438213b49f887b8e/spring-xd-module-1.2.1.RELEASE.jar:/home/mpollack/.gradle/caches/modules-2/files-2.1/com.jayway.jsonpath/json-path/1.2.0/65b0ddea22744a3ba7fe91585db599aaa812152e/json-path-1.2.0.jar:/home/mpollack/.gradle/caches/modules-2/files-2.1/com.sun.mail/javax.mail/1.5.2/ad1027a3d832bb7f34b4b9afeed760ca8eaa12f/javax.mail-1.5.2.jar:/home/mpollack/.gradle/caches/modules-2/files-2.1/org.springframework.integration/spring-integration-test/4.1.6.RELEASE/e0f54e59f4cdd5ee2aa2ea5b52e78c4e21ae7eb4/spring-integration-test-4.1.6.RELEASE.jar:/home/mpollack/.gradle/caches/modules-2/files-2.1/org.springframework.integration/spring-integration-amqp/4.1.6.RELEASE/e52c09ff2498458ab794fed60dd076ee3a47926/spring-integration-amqp-4.1.6.RELEASE.jar:/home/mpollack/.gradle/caches/modules-2/files-2.1/org.springframework.integration/spring-integration-redis/4.1.6.RELEASE/20999d929bb4675b7ec5e001a098bcd3429d5f57/spring-integration-redis-4.1.6.RELEASE.jar:/home/mpollack/.gradle/caches/modules-2/files-2.1/org.springframework.integration/spring-integration-mqtt/4.1.6.RELEASE/10d76cf72033db9c32cad290eec3cc87c86b0240/spring-integration-mqtt-4.1.6.RELEASE.jar:/home/mpollack/.gradle/caches/modules-2/files-2.1/org.springframework.integration/spring-integration-kafka/1.2.0.RELEASE/58c1df6941095334bb6344b347a0291fbfdba760/spring-integration-kafka-1.2.0.RELEASE.jar:/home/mpollack/.gradle/caches/modules-2/files-2.1/com.google.guava/guava/16.0.1/5fa98cd1a63c99a44dd8d3b77e4762b066a5d0c5/guava-16.0.1.jar:/home/mpollack/.gradle/caches/modules-2/files-2.1/org.springframework/spring-context/4.1.7.RELEASE/8c6c02bcccfa23a74db59f7b7725e69e1af38f04/spring-context-4.1.7.RELEASE.jar:/home/mpollack/.gradle/caches/modules-2/files-2.1/org.springframework/spring-context-support/4.1.7.RELEASE/db508937a1033bd3267e57566044df705076dc6/spring-context-support-4.1.7.RELEASE.jar:/home/mpollack/.gradle/caches/modules-2/files-2.1/org.springframework/spring-tx/4.1.7.RELEASE/3465a5d3b24006d51482cf45abd13e347f64582a/spring-tx-4.1.7.RELEASE.jar:/home/mpollack/.gradle/caches/modules-2/files-2.1/org.springframework/spring-test/4.1.7.RELEASE/5953f9c4cf1d4ddf323cd6caf60daf33f1abafc3/spring-test-4.1.7.RELEASE.jar:/home/mpollack/.gradle/caches/modules-2/files-2.1/org.hsqldb/hsqldb/2.3.2/970fd7b8f635e2c19305160459649569655b843c/hsqldb-2.3.2.jar:/home/mpollack/.gradle/caches/modules-2/files-2.1/junit/junit/4.12/2973d150c0dc1fefe998f834810d68f278ea58ec/junit-4.12.jar:/home/mpollack/.gradle/caches/modules-2/files-2.1/commons-io/commons-io/2.4/b1b6ea3b7e4aa4f492509a4952029cd8e48019ad/commons-io-2.4.jar:/home/mpollack/.gradle/caches/modules-2/files-2.1/org.apache.kafka/kafka_2.10/0.8.2.1/6c38c1eee17a47d7b726470dc7472e3363f885c6/kafka_2.10-0.8.2.1-test.jar:/home/mpollack/.gradle/caches/modules-2/files-2.1/org.apache.kafka/kafka_2.10/0.8.2.1/1f1b63dbdac7ede6560675936cb8d88d9cf19c3a/kafka_2.10-0.8.2.1.jar:/home/mpollack/.gradle/caches/modules-2/files-2.1/org.apache.kafka/kafka-clients/0.8.2.1/9ef741135d2e869a022c66de65c1c08adc375077/kafka-clients-0.8.2.1.jar:/home/mpollack/.gradle/caches/modules-2/files-2.1/org.apache.curator/curator-test/2.6.0/5f55c3eeb4c14d3937487b5e211ccc7330f9630e/curator-test-2.6.0.jar:/home/mpollack/.gradle/caches/modules-2/files-2.1/org.projectreactor/reactor-core/1.1.4.RELEASE/da621f1aef5f8cd5c22ae78afec53f1e8659caed/reactor-core-1.1.4.RELEASE.jar:/home/mpollack/.gradle/caches/modules-2/files-2.1/org.springframework/spring-core/4.1.7.RELEASE/9f8e34eef228f44bda771c9dc62e9f1efa82c92d/spring-core-4.1.7.RELEASE.jar:/home/mpollack/.gradle/caches/modules-2/files-2.1/org.mongodb/mongo-java-driver/2.13.0/6b19c1276871001fa85684475db7e4c538046b52/mongo-java-driver-2.13.0.jar:/home/mpollack/.gradle/caches/modules-2/files-2.1/org.codehaus.jackson/jackson-core-asl/1.9.13/3c304d70f42f832e0a86d45bd437f692129299a4/jackson-core-asl-1.9.13.jar:/home/mpollack/.gradle/caches/modules-2/files-2.1/org.springframework/spring-beans/4.1.7.RELEASE/e52148e9671e2918a2172c9cf56b77bede2042ce/spring-beans-4.1.7.RELEASE.jar:/home/mpollack/.gradle/caches/modules-2/files-2.1/org.apache.httpcomponents/httpcore/4.3.3/f91b7a4aadc5cf486df6e4634748d7dd7a73f06d/httpcore-4.3.3.jar:/home/mpollack/.gradle/caches/modules-2/files-2.1/commons-codec/commons-codec/1.6/b7f0fc8f61ecadeb3695f0b9464755eee44374d4/commons-codec-1.6.jar:/home/mpollack/.gradle/caches/modules-2/files-2.1/org.springframework.xd/spring-xd-tuple/1.2.1.RELEASE/cfd7d3edac235c4d003d7d295016602c89c46796/spring-xd-tuple-1.2.1.RELEASE.jar:/home/mpollack/.gradle/caches/modules-2/files-2.1/joda-time/joda-time/2.5/c73038a3688525aad5cf33409df483178290cd64/joda-time-2.5.jar:/home/mpollack/.gradle/caches/modules-2/files-2.1/org.springframework.xd/spring-xd-module-spi/1.2.1.RELEASE/e468730518d4b0b4e67b7c271ccac08fd043684f/spring-xd-module-spi-1.2.1.RELEASE.jar:/home/mpollack/.gradle/caches/modules-2/files-2.1/org.apache.commons/commons-pool2/2.2/bd1a6e384f3cf0f9b9a60e1e6c1c1ecbbee7e0b7/commons-pool2-2.2.jar:/home/mpollack/.gradle/caches/modules-2/files-2.1/org.springframework.xd/spring-xd-spi-common/1.2.1.RELEASE/f0fca6e3ccafb53a3821a11373281d0f672afaf/spring-xd-spi-common-1.2.1.RELEASE.jar:/home/mpollack/.gradle/caches/modules-2/files-2.1/org.springframework.xd/spring-xd-codec/1.2.1.RELEASE/a31865e1fbd616c0cc71f7436da793cb1db85d8/spring-xd-codec-1.2.1.RELEASE.jar:/home/mpollack/.gradle/caches/modules-2/files-2.1/org.springframework.cloud/spring-cloud-core/1.1.1.RELEASE/47384e4f2e3a5294284307cd0c1db36559487d8a/spring-cloud-core-1.1.1.RELEASE.jar:/home/mpollack/.gradle/caches/modules-2/files-2.1/org.springframework.boot/spring-boot/1.2.5.RELEASE/d12969adffe18f6f778451b1a8d1dab485ab4a03/spring-boot-1.2.5.RELEASE.jar:/home/mpollack/.gradle/caches/modules-2/files-2.1/org.springframework.boot/spring-boot-starter/1.2.5.RELEASE/416b6339599892cb33077c9fd901de7669c38cbe/spring-boot-starter-1.2.5.RELEASE.jar:/home/mpollack/.gradle/caches/modules-2/files-2.1/org.springframework.security/spring-security-config/3.2.7.RELEASE/36ded839a3f90b268c2b708a5a92a50aa0412223/spring-security-config-3.2.7.RELEASE.jar:/home/mpollack/.gradle/caches/modules-2/files-2.1/org.springframework.security/spring-security-web/3.2.7.RELEASE/3170f54765d6d9f99cf2d4ba7f25698d1026cf6f/spring-security-web-3.2.7.RELEASE.jar:/home/mpollack/.gradle/caches/modules-2/files-2.1/org.springframework.ldap/spring-ldap-core/1.3.2.RELEASE/cae848fe4280fef46bad5a7bad2fe4404f8bd442/spring-ldap-core-1.3.2.RELEASE.jar:/home/mpollack/.gradle/caches/modules-2/files-2.1/org.springframework.security/spring-security-core/3.2.7.RELEASE/50c170701f0cc9a99d14a50a7a97ff0c651bab66/spring-security-core-3.2.7.RELEASE.jar:/home/mpollack/.gradle/caches/modules-2/files-2.1/org.springframework.boot/spring-boot-starter-web/1.2.5.RELEASE/afe2043ba5aa7d112a4ef0c907ebc6dbf8b93ce5/spring-boot-starter-web-1.2.5.RELEASE.jar:/home/mpollack/.gradle/caches/modules-2/files-2.1/org.springframework.session/spring-session/1.0.1.RELEASE/48b68b69cde18c4d09d839b65b8b948cb426b005/spring-session-1.0.1.RELEASE.jar:/home/mpollack/.gradle/caches/modules-2/files-2.1/org.springframework.xd/spring-xd-admin-ui-client/1.2.1.RELEASE/a2c30250852188fd5d525d72c3ef5861d7ab9e8a/spring-xd-admin-ui-client-1.2.1.RELEASE.jar:/home/mpollack/.gradle/caches/modules-2/files-2.1/org.springframework.ws/spring-xml/2.2.1.RELEASE/f5780d54ea19ba889dced4431e035140eddecf9/spring-xml-2.2.1.RELEASE.jar:/home/mpollack/.gradle/caches/modules-2/files-2.1/com.googlecode.json-simple/json-simple/1.1.1/c9ad4a0850ab676c5c64461a05ca524cdfff59f1/json-simple-1.1.1.jar:/home/mpollack/.gradle/caches/modules-2/files-2.1/io.netty/netty/3.7.0.Final/7a8c35599c68c0bf383df74469aa3e03d9aca87/netty-3.7.0.Final.jar:/home/mpollack/.gradle/caches/modules-2/files-2.1/org.apache.curator/curator-framework/2.6.0/81a699c39d127b5b4ff97cc77da7650b53e5b5ed/curator-framework-2.6.0.jar:/home/mpollack/.gradle/caches/modules-2/files-2.1/com.ibm.jbatch/com.ibm.jbatch-tck-spi/1.0/8ac869b0a60bff1a15eba0fb6398942410396938/com.ibm.jbatch-tck-spi-1.0.jar:/home/mpollack/.gradle/caches/modules-2/files-2.1/com.thoughtworks.xstream/xstream/1.4.7/bce3282142b63068260f021fcbe48b72e8d71a1a/xstream-1.4.7.jar:/home/mpollack/.gradle/caches/modules-2/files-2.1/org.codehaus.jettison/jettison/1.2/765a6181653f4b05c18c7a9e8f5c1f8269bf9b2/jettison-1.2.jar:/home/mpollack/.gradle/caches/modules-2/files-2.1/org.springframework.batch/spring-batch-infrastructure/3.0.3.RELEASE/733eb8a48a55ef274b4c688f4b218c01e2b0d502/spring-batch-infrastructure-3.0.3.RELEASE.jar:/home/mpollack/.gradle/caches/modules-2/files-2.1/org.apache.tomcat/tomcat-juli/8.0.20/f1654901f9bd84c03c648099335dd2f7e7085f90/tomcat-juli-8.0.20.jar:/home/mpollack/.gradle/caches/modules-2/files-2.1/org.aspectj/aspectjrt/1.8.1/5e7a0fa36cc24ead36d885b9d775bb31ffa8524c/aspectjrt-1.8.1.jar:/home/mpollack/.gradle/caches/modules-2/files-2.1/commons-collections/commons-collections/3.2.1/761ea405b9b37ced573d2df0d1e3a4e0f9edc668/commons-collections-3.2.1.jar:/home/mpollack/.gradle/caches/modules-2/files-2.1/org.springframework.batch/spring-batch-admin-resources/1.3.0.RELEASE/94683cd8995d9f5fcf58d6a0e727589e298a93f3/spring-batch-admin-resources-1.3.0.RELEASE.jar:/home/mpollack/.gradle/caches/modules-2/files-2.1/org.aspectj/aspectjweaver/1.8.1/da75e95c91703667b2ae20acdd3d8ee40ea7aabd/aspectjweaver-1.8.1.jar:/home/mpollack/.gradle/caches/modules-2/files-2.1/commons-dbcp/commons-dbcp/1.4/30be73c965cc990b153a100aaaaafcf239f82d39/commons-dbcp-1.4.jar:/home/mpollack/.gradle/caches/modules-2/files-2.1/commons-fileupload/commons-fileupload/1.3.1/c621b54583719ac0310404463d6d99db27e1052c/commons-fileupload-1.3.1.jar:/home/mpollack/.gradle/caches/modules-2/files-2.1/javax.validation/validation-api/1.1.0.Final/8613ae82954779d518631e05daa73a6a954817d5/validation-api-1.1.0.Final.jar:/home/mpollack/.gradle/caches/modules-2/files-2.1/org.jboss.logging/jboss-logging/3.1.3.GA/64499e907f19e5e1b3fdc02f81440c1832fe3545/jboss-logging-3.1.3.GA.jar:/home/mpollack/.gradle/caches/modules-2/files-2.1/com.fasterxml/classmate/1.0.0/434efef28c81162b17c540e634cffa3bd9b09b4c/classmate-1.0.0.jar:/home/mpollack/.gradle/caches/modules-2/files-2.1/org.springframework/spring-jdbc/4.1.7.RELEASE/5e4c9931acaf2857efe5f1ad27e4791c0855b8b2/spring-jdbc-4.1.7.RELEASE.jar:/home/mpollack/.gradle/caches/modules-2/files-2.1/org.springframework.hateoas/spring-hateoas/0.16.0.RELEASE/b5f0802006170eba329089d3e82155f97eb3347/spring-hateoas-0.16.0.RELEASE.jar:/home/mpollack/.gradle/caches/modules-2/files-2.1/org.springframework.plugin/spring-plugin-core/1.1.0.RELEASE/597b979a66e2a338bc988e8eccf53fad4600a07e/spring-plugin-core-1.1.0.RELEASE.jar:/home/mpollack/.gradle/caches/modules-2/files-2.1/org.springframework.boot/spring-boot-loader/1.2.5.RELEASE/fecb89f11d82e028e8ba28f973c6a9e5710c49c2/spring-boot-loader-1.2.5.RELEASE.jar:/home/mpollack/.gradle/caches/modules-2/files-2.1/net.minidev/json-smart/2.1.0/f495d2315bd42af39a2e3280f41ad0a9cfaa6fb0/json-smart-2.1.0.jar:/home/mpollack/.gradle/caches/modules-2/files-2.1/javax.activation/activation/1.1/e6cb541461c2834bdea3eb920f1884d1eb508b50/activation-1.1.jar:/home/mpollack/.gradle/caches/modules-2/files-2.1/org.hamcrest/hamcrest-all/1.3/63a21ebc981131004ad02e0434e799fd7f3a8d5a/hamcrest-all-1.3.jar:/home/mpollack/.gradle/caches/modules-2/files-2.1/org.mockito/mockito-core/1.9.5/c3264abeea62c4d2f367e21484fbb40c7e256393/mockito-core-1.9.5.jar:/home/mpollack/.gradle/caches/modules-2/files-2.1/org.springframework.amqp/spring-rabbit/1.4.5.RELEASE/5bb993995cf2aab20c170ecbfe67a91c1b4bbf8a/spring-rabbit-1.4.5.RELEASE.jar:/home/mpollack/.gradle/caches/modules-2/files-2.1/org.eclipse.paho/org.eclipse.paho.client.mqttv3/1.0.2/11752d3f24d1a9deda4533a7ca18d8496417ceeb/org.eclipse.paho.client.mqttv3-1.0.2.jar:/home/mpollack/.gradle/caches/modules-2/files-2.1/org.apache.avro/avro/1.7.6/2b02bff72cffe2c52d336ccbb9cfe8d0fc59be7e/avro-1.7.6.jar:/home/mpollack/.gradle/caches/modules-2/files-2.1/io.projectreactor/reactor-core/2.0.3.RELEASE/8cd926729690f88099cb172d490babb868bf8042/reactor-core-2.0.3.RELEASE.jar:/home/mpollack/.gradle/caches/modules-2/files-2.1/com.yammer.metrics/metrics-annotation/2.2.0/62962b54c490a95c0bb255fa93b0ddd6cc36dd4b/metrics-annotation-2.2.0.jar:/home/mpollack/.gradle/caches/modules-2/files-2.1/com.yammer.metrics/metrics-core/2.2.0/f82c035cfa786d3cbec362c38c22a5f5b1bc8724/metrics-core-2.2.0.jar:/home/mpollack/.gradle/caches/modules-2/files-2.1/org.scala-lang/scala-library/2.10.4/9aae4cb1802537d604e03688cab744ff47b31a7d/scala-library-2.10.4.jar:/home/mpollack/.gradle/caches/modules-2/files-2.1/net.sf.jopt-simple/jopt-simple/3.2/d625f12ba08083c8c16dcedd5396ec730e9e77ab/jopt-simple-3.2.jar:/home/mpollack/.gradle/caches/modules-2/files-2.1/com.101tec/zkclient/0.3/dedcf2b53fb742adba7080ac3aed781694ba616e/zkclient-0.3.jar:/home/mpollack/.gradle/caches/modules-2/files-2.1/net.jpountz.lz4/lz4/1.2.0/cd301e9a481eae5b68c53267100aeca43b782b9f/lz4-1.2.0.jar:/home/mpollack/.gradle/caches/modules-2/files-2.1/org.xerial.snappy/snappy-java/1.1.1.6/e3f12835a135c0d253bee4dbbe74d37ce35d7269/snappy-java-1.1.1.6.jar:/home/mpollack/.gradle/caches/modules-2/files-2.1/org.javassist/javassist/3.18.1-GA/d9a09f7732226af26bf99f19e2cffe0ae219db5b/javassist-3.18.1-GA.jar:/home/mpollack/.gradle/caches/modules-2/files-2.1/org.apache.commons/commons-math/2.2/4877b85d388275f994a5cfc7eceb73a8045d3006/commons-math-2.2.jar:/home/mpollack/.gradle/caches/modules-2/files-2.1/com.esotericsoftware/kryo-shaded/3.0.0/c6747d5319d219bcee18fc16661bfc9914ccf261/kryo-shaded-3.0.0.jar:/home/mpollack/.gradle/caches/modules-2/files-2.1/aopalliance/aopalliance/1.0/235ba8b489512805ac13a8f9ea77a1ca5ebe3e8/aopalliance-1.0.jar:/home/mpollack/.gradle/caches/modules-2/files-2.1/org.springframework.boot/spring-boot-starter-logging/1.2.5.RELEASE/79df0d68a15dd5437010e46df1806482a7878e76/spring-boot-starter-logging-1.2.5.RELEASE.jar:/home/mpollack/.gradle/caches/modules-2/files-2.1/org.springframework.boot/spring-boot-starter-tomcat/1.2.5.RELEASE/9ac1752cd1a81b227d5f37e547077518df15a624/spring-boot-starter-tomcat-1.2.5.RELEASE.jar:/home/mpollack/.gradle/caches/modules-2/files-2.1/org.apache.curator/curator-client/2.6.0/b9007c357ad1a78066fc6004e8b1feaa2318f6f3/curator-client-2.6.0.jar:/home/mpollack/.gradle/caches/modules-2/files-2.1/commons-pool/commons-pool/1.5.4/75b6e20c596ed2945a259cea26d7fadd298398e6/commons-pool-1.5.4.jar:/home/mpollack/.gradle/caches/modules-2/files-2.1/org.objenesis/objenesis/2.1/87c0ea803b69252868d09308b4618f766f135a96/objenesis-2.1.jar:/home/mpollack/.gradle/caches/modules-2/files-2.1/org.springframework.integration/spring-integration-http/3.0.2.RELEASE/6a3564cb424c0ea6bce0f4a2bab439f445d24f2e/spring-integration-http-3.0.2.RELEASE.jar:/home/mpollack/.gradle/caches/modules-2/files-2.1/org.springframework.integration/spring-integration-file/3.0.2.RELEASE/8b74772228aaf5ce2315895a29dbd6a15fd6f8ad/spring-integration-file-3.0.2.RELEASE.jar:/home/mpollack/.gradle/caches/modules-2/files-2.1/net.minidev/asm/1.0.2/49f3068a4591b4aa6af553905ff2145685a21c2c/asm-1.0.2.jar:/home/mpollack/.gradle/caches/modules-2/files-2.1/com.rabbitmq/amqp-client/3.5.1/6086769bfb7a5054d97b855676aaa525b523f405/amqp-client-3.5.1.jar:/home/mpollack/.gradle/caches/modules-2/files-2.1/org.springframework.amqp/spring-amqp/1.4.5.RELEASE/4e8eee59bc1fe0c36096a5cbb6eae7f6bb44e3c4/spring-amqp-1.4.5.RELEASE.jar:/home/mpollack/.gradle/caches/modules-2/files-2.1/com.thoughtworks.paranamer/paranamer/2.3/4a85963a752c0a2f715c3924bfc686865e7e1bc6/paranamer-2.3.jar:/home/mpollack/.gradle/caches/modules-2/files-2.1/org.apache.commons/commons-compress/1.4.1/b02e84a993d88568417536240e970c4b809126fd/commons-compress-1.4.1.jar:/home/mpollack/.gradle/caches/modules-2/files-2.1/org.reactivestreams/reactive-streams/1.0.0/14b8c877d98005ba3941c9257cfe09f6ed0e0d74/reactive-streams-1.0.0.jar:/home/mpollack/.gradle/caches/modules-2/files-2.1/com.esotericsoftware/minlog/1.3.0/ff07b5f1b01d2f92bb00a337f9a94873712f0827/minlog-1.3.0.jar:/home/mpollack/.gradle/caches/modules-2/files-2.1/org.slf4j/jul-to-slf4j/1.7.12/8811e2e9ab9055e557598dc9aedc64fd43e0ab20/jul-to-slf4j-1.7.12.jar:/home/mpollack/.gradle/caches/modules-2/files-2.1/ch.qos.logback/logback-classic/1.1.3/d90276fff414f06cb375f2057f6778cd63c6082f/logback-classic-1.1.3.jar:/home/mpollack/.gradle/caches/modules-2/files-2.1/org.apache.tomcat.embed/tomcat-embed-logging-juli/8.0.23/2ec89b09cb0eb133a03d9f513474f99ff667b93b/tomcat-embed-logging-juli-8.0.23.jar:/home/mpollack/.gradle/caches/modules-2/files-2.1/org.apache.tomcat.embed/tomcat-embed-websocket/8.0.23/839167a26dec5dcef85fb19e2e429878b7215293/tomcat-embed-websocket-8.0.23.jar:/home/mpollack/.gradle/caches/modules-2/files-2.1/asm/asm/3.3.1/1d5f20b4ea675e6fab6ab79f1cd60ec268ddc015/asm-3.3.1.jar:/home/mpollack/.gradle/caches/modules-2/files-2.1/org.tukaani/xz/1.0/ecff5cb8b1189514c9d1d8d68eb77ac372e000c9/xz-1.0.jar:/home/mpollack/.gradle/caches/modules-2/files-2.1/ch.qos.logback/logback-core/1.1.3/e3c02049f2dbbc764681b40094ecf0dcbc99b157/logback-core-1.1.3.jar:/home/mpollack/.gradle/caches/modules-2/files-2.1/io.reactivex/rxjava/1.0.1/6f8530467571c99944c4aa9f8b14597905c8ec4f/rxjava-1.0.1.jar:/home/mpollack/.gradle/caches/modules-2/files-2.1/org.slf4j/slf4j-api/1.7.12/8e20852d05222dc286bf1c71d78d0531e177c317/slf4j-api-1.7.12.jar:/home/mpollack/.gradle/caches/modules-2/files-2.1/org.slf4j/jcl-over-slf4j/1.7.12/adef7a9e1263298255fdb5cb107ff171d07c82f3/jcl-over-slf4j-1.7.12.jar:/home/mpollack/.gradle/caches/modules-2/files-2.1/org.springframework/spring-messaging/4.1.7.RELEASE/329df947037c2dff0a922a234de575cc0caca09d/spring-messaging-4.1.7.RELEASE.jar:/home/mpollack/.gradle/caches/modules-2/files-2.1/org.springframework.retry/spring-retry/1.1.2.RELEASE/949a23beb82ebe31d7a1d47022353b8338c4da11/spring-retry-1.1.2.RELEASE.jar:/home/mpollack/.gradle/caches/modules-2/files-2.1/com.fasterxml.jackson.core/jackson-databind/2.4.6/3e63a25de4065697b185f523ed5e020c0db3ff0/jackson-databind-2.4.6.jar:/home/mpollack/.gradle/caches/modules-2/files-2.1/com.fasterxml.jackson.core/jackson-annotations/2.4.0/d6a66c7a5f01cf500377bd669507a08cfeba882a/jackson-annotations-2.4.0.jar:/home/mpollack/.gradle/caches/modules-2/files-2.1/com.fasterxml.jackson.core/jackson-core/2.4.6/2a1f6edb86b8c6d29f37f6a807295d4e5c279707/jackson-core-2.4.6.jar:/home/mpollack/.gradle/caches/modules-2/files-2.1/javax.batch/javax.batch-api/1.0/65392d027a6eb369fd9fcd1b75cae150e25ac03c/javax.batch-api-1.0.jar:/home/mpollack/.gradle/caches/modules-2/files-2.1/xmlpull/xmlpull/1.1.3.1/2b8e230d2ab644e4ecaa94db7cdedbc40c805dfa/xmlpull-1.1.3.1.jar:/home/mpollack/.gradle/caches/modules-2/files-2.1/xpp3/xpp3_min/1.1.4c/19d4e90b43059058f6e056f794f0ea4030d60b86/xpp3_min-1.1.4c.jar:/home/mpollack/.gradle/caches/modules-2/files-2.1/com.lmax/disruptor/3.2.1/db375f499e32c3f06549e9addf8b1647123d6426/disruptor-3.2.1.jar:/home/mpollack/.gradle/caches/modules-2/files-2.1/io.gatling/jsr166e/1.0/d1bf191a18dfe6e3157a4fbf6b527390d906ace6/jsr166e-1.0.jar:/home/mpollack/.gradle/caches/modules-2/files-2.1/commons-lang/commons-lang/2.6/ce1edb914c94ebc388f086c6827e8bdeec71ac2/commons-lang-2.6.jar:/home/mpollack/.gradle/caches/modules-2/files-2.1/org.hamcrest/hamcrest-core/1.3/42a25dc3219429f0e5d060061f71acb49bf010a0/hamcrest-core-1.3.jar:/home/mpollack/.gradle/caches/modules-2/files-2.1/org.apache.tomcat.embed/tomcat-embed-core/8.0.23/79dc3aea4f447392ab0bdc1359c31a931cd307d6/tomcat-embed-core-8.0.23.jar:/home/mpollack/.gradle/caches/modules-2/files-2.1/org.apache.tomcat.embed/tomcat-embed-el/8.0.23/5a1ca084156665968232112b6606c0b259213aab/tomcat-embed-el-8.0.23.jar:/home/mpollack/.gradle/caches/modules-2/files-2.1/commons-logging/commons-logging/1.2/4bfc12adfe4842bf07b657f0369c4cb522955686/commons-logging-1.2.jar:/home/mpollack/.gradle/caches/modules-2/files-2.1/com.goldmansachs/gs-collections/5.1.0/7114c5349c816ea645b1ea3ffcc21fa073cbabc/gs-collections-5.1.0.jar:/home/mpollack/.gradle/caches/modules-2/files-2.1/com.goldmansachs/gs-collections-api/5.1.0/ea605cdf64cab5fc7b48c99f061d4c8db05b6ff1/gs-collections-api-5.1.0.jar
2015-09-14 08:12:47.390  INFO 5874 --- [ Server Starter] o.a.zookeeper.server.ZooKeeperServer     : Server environment:java.library.path=/usr/java/packages/lib/amd64:/usr/lib64:/lib64:/lib:/usr/lib
2015-09-14 08:12:47.390  INFO 5874 --- [ Server Starter] o.a.zookeeper.server.ZooKeeperServer     : Server environment:java.io.tmpdir=/tmp
2015-09-14 08:12:47.390  INFO 5874 --- [ Server Starter] o.a.zookeeper.server.ZooKeeperServer     : Server environment:java.compiler=<NA>
2015-09-14 08:12:47.390  INFO 5874 --- [ Server Starter] o.a.zookeeper.server.ZooKeeperServer     : Server environment:os.name=Linux
2015-09-14 08:12:47.390  INFO 5874 --- [ Server Starter] o.a.zookeeper.server.ZooKeeperServer     : Server environment:os.arch=amd64
2015-09-14 08:12:47.390  INFO 5874 --- [ Server Starter] o.a.zookeeper.server.ZooKeeperServer     : Server environment:os.version=3.13.0-32-generic
2015-09-14 08:12:47.390  INFO 5874 --- [ Server Starter] o.a.zookeeper.server.ZooKeeperServer     : Server environment:user.name=mpollack
2015-09-14 08:12:47.390  INFO 5874 --- [ Server Starter] o.a.zookeeper.server.ZooKeeperServer     : Server environment:user.home=/home/mpollack
2015-09-14 08:12:47.390  INFO 5874 --- [ Server Starter] o.a.zookeeper.server.ZooKeeperServer     : Server environment:user.dir=/home/mpollack/projects/spring-xd-demo/top-sensor
2015-09-14 08:12:47.395  INFO 5874 --- [ Server Starter] o.a.zookeeper.server.ZooKeeperServer     : tickTime set to 3000
2015-09-14 08:12:47.395  INFO 5874 --- [ Server Starter] o.a.zookeeper.server.ZooKeeperServer     : minSessionTimeout set to -1
2015-09-14 08:12:47.395  INFO 5874 --- [ Server Starter] o.a.zookeeper.server.ZooKeeperServer     : maxSessionTimeout set to -1
2015-09-14 08:12:47.401  INFO 5874 --- [ Server Starter] o.a.z.server.NIOServerCnxnFactory        : binding to port 0.0.0.0/0.0.0.0:63273
2015-09-14 08:12:47.449  INFO 5874 --- [    Test worker] o.a.c.f.imps.CuratorFrameworkImpl        : Starting
2015-09-14 08:12:47.454  INFO 5874 --- [    Test worker] org.apache.zookeeper.ZooKeeper           : Client environment:zookeeper.version=3.4.6-1569965, built on 02/20/2014 09:09 GMT
2015-09-14 08:12:47.454  INFO 5874 --- [    Test worker] org.apache.zookeeper.ZooKeeper           : Client environment:host.name=feynman
2015-09-14 08:12:47.454  INFO 5874 --- [    Test worker] org.apache.zookeeper.ZooKeeper           : Client environment:java.version=1.8.0_20
2015-09-14 08:12:47.454  INFO 5874 --- [    Test worker] org.apache.zookeeper.ZooKeeper           : Client environment:java.vendor=Oracle Corporation
2015-09-14 08:12:47.454  INFO 5874 --- [    Test worker] org.apache.zookeeper.ZooKeeper           : Client environment:java.home=/home/mpollack/software/jdk1.8.0_20/jre
2015-09-14 08:12:47.454  INFO 5874 --- [    Test worker] org.apache.zookeeper.ZooKeeper           : Client environment:java.class.path=/home/mpollack/projects/spring-xd-demo/top-sensor/build/classes/test:/home/mpollack/projects/spring-xd-demo/top-sensor/build/resources/test:/home/mpollack/projects/spring-xd-demo/top-sensor/build/classes/main:/home/mpollack/projects/spring-xd-demo/top-sensor/build/resources/main:/home/mpollack/.gradle/caches/modules-2/files-2.1/org.springframework.xd/spring-xd-rxjava/1.2.1.RELEASE/a7a716e75400be27a29e3f65ba0ed04927183dea/spring-xd-rxjava-1.2.1.RELEASE.jar:/home/mpollack/.gradle/caches/modules-2/files-2.1/io.reactivex/rxjava-math/1.0.0/5efd0e3928c33c74bbc05d7425e3a4652b8fc0dc/rxjava-math-1.0.0.jar:/home/mpollack/.gradle/caches/modules-2/files-2.1/org.springframework.xd/spring-xd-dirt/1.2.1.RELEASE/c987d1c15c53fc8e15f935b691d155829d37e985/spring-xd-dirt-1.2.1.RELEASE.jar:/home/mpollack/.gradle/caches/modules-2/files-2.1/org.springframework.xd/spring-xd-test/1.2.1.RELEASE/9e372a5bc52004d77e9a9922264eacfe42591b48/spring-xd-test-1.2.1.RELEASE.jar:/home/mpollack/.gradle/caches/modules-2/files-2.1/org.springframework.integration/spring-integration-core/4.1.6.RELEASE/7b95eb7f4c08070c345a723720fd5dbccf71b140/spring-integration-core-4.1.6.RELEASE.jar:/home/mpollack/.gradle/caches/modules-2/files-2.1/org.springframework/spring-expression/4.1.7.RELEASE/9bc3b81d05961f042ea4a45e84d60cdc59ea51f5/spring-expression-4.1.7.RELEASE.jar:/home/mpollack/.gradle/caches/modules-2/files-2.1/org.springframework.data/spring-data-mongodb/1.7.0.RELEASE/cd5e6c52e00ea603ffc89282ca0f424c8c96f3ba/spring-data-mongodb-1.7.0.RELEASE.jar:/home/mpollack/.gradle/caches/modules-2/files-2.1/org.yaml/snakeyaml/1.14/c2df91929ed06a25001939929bff5120e0ea3fd4/snakeyaml-1.14.jar:/home/mpollack/.gradle/caches/modules-2/files-2.1/org.postgresql/postgresql/9.4-1201-jdbc41/870b0e689b514304461a9c1aba11920dc5de4321/postgresql-9.4-1201-jdbc41.jar:/home/mpollack/.gradle/caches/modules-2/files-2.1/mysql/mysql-connector-java/5.1.34/46deba4adbdb4967367b013cbc67b7f7373da60a/mysql-connector-java-5.1.34.jar:/home/mpollack/.gradle/caches/modules-2/files-2.1/org.springframework.data/spring-data-commons/1.10.0.RELEASE/f3c8d801fc68907ddef15d0d28ab2b3564900b14/spring-data-commons-1.10.0.RELEASE.jar:/home/mpollack/.gradle/caches/modules-2/files-2.1/org.codehaus.jackson/jackson-mapper-asl/1.9.13/1ee2f2bed0e5dd29d1cb155a166e6f8d50bbddb7/jackson-mapper-asl-1.9.13.jar:/home/mpollack/.gradle/caches/modules-2/files-2.1/org.springframework/spring-oxm/4.1.7.RELEASE/28288eeefe4cd8e2bb470227f96b0ae54c42b487/spring-oxm-4.1.7.RELEASE.jar:/home/mpollack/.gradle/caches/modules-2/files-2.1/org.apache.httpcomponents/httpclient/4.3.6/4c47155e3e6c9a41a28db36680b828ced53b8af4/httpclient-4.3.6.jar:/home/mpollack/.gradle/caches/modules-2/files-2.1/org.codehaus.groovy/groovy-all/2.4.4/b22748b6cf9a38c9777792175507a679043cdd64/groovy-all-2.4.4.jar:/home/mpollack/.gradle/caches/modules-2/files-2.1/org.springframework/spring-aop/4.1.7.RELEASE/127f005bac8ec1fbbbc5bb1595d78c6179394a46/spring-aop-4.1.7.RELEASE.jar:/home/mpollack/.gradle/caches/modules-2/files-2.1/org.springframework.xd/spring-xd-analytics/1.2.1.RELEASE/c49ec6f14eecc51e5312678676942b97541a1a00/spring-xd-analytics-1.2.1.RELEASE.jar:/home/mpollack/.gradle/caches/modules-2/files-2.1/org.springframework.xd/spring-xd-messagebus-spi/1.2.1.RELEASE/dff8540a1b7eafaaaf13751d722be9198a19cf17/spring-xd-messagebus-spi-1.2.1.RELEASE.jar:/home/mpollack/.gradle/caches/modules-2/files-2.1/org.springframework.xd/spring-xd-messagebus-local/1.2.1.RELEASE/4ac5009d8af4c44a9edf2392db198a952d53e87/spring-xd-messagebus-local-1.2.1.RELEASE.jar:/home/mpollack/.gradle/caches/modules-2/files-2.1/org.springframework.cloud/spring-cloud-spring-service-connector/1.1.1.RELEASE/4b107a7e73689ae33ada7e29943e7feee5b1dabb/spring-cloud-spring-service-connector-1.1.1.RELEASE.jar:/home/mpollack/.gradle/caches/modules-2/files-2.1/org.springframework.cloud/spring-cloud-cloudfoundry-connector/1.1.1.RELEASE/2e13e181bec2da39d89f5154f64f1ab121d1bfe8/spring-cloud-cloudfoundry-connector-1.1.1.RELEASE.jar:/home/mpollack/.gradle/caches/modules-2/files-2.1/org.springframework.boot/spring-boot-autoconfigure/1.2.5.RELEASE/8f1ee1f5e37723dd0e2cd3b05c6fc9268798b93d/spring-boot-autoconfigure-1.2.5.RELEASE.jar:/home/mpollack/.gradle/caches/modules-2/files-2.1/org.springframework.boot/spring-boot-actuator/1.2.5.RELEASE/e4fb248898da60475d73a24b32797a591d6b763c/spring-boot-actuator-1.2.5.RELEASE.jar:/home/mpollack/.gradle/caches/modules-2/files-2.1/org.springframework/spring-web/4.1.7.RELEASE/2d9245006b788d7d6afeec85a43e4bfe2e46340a/spring-web-4.1.7.RELEASE.jar:/home/mpollack/.gradle/caches/modules-2/files-2.1/org.springframework.boot/spring-boot-starter-security/1.2.5.RELEASE/9f12b93019d0547fb1aaea389b0c7d64b7e108e9/spring-boot-starter-security-1.2.5.RELEASE.jar:/home/mpollack/.gradle/caches/modules-2/files-2.1/org.springframework.security/spring-security-ldap/3.2.7.RELEASE/8956e502b2d0ead146078478a6bdb442cbbe414f/spring-security-ldap-3.2.7.RELEASE.jar:/home/mpollack/.gradle/caches/modules-2/files-2.1/org.springframework.xd/spring-xd-ui/1.2.1.RELEASE/edee479c51c563b5d6f1db616d157abfbe57889d/spring-xd-ui-1.2.1.RELEASE.jar:/home/mpollack/.gradle/caches/modules-2/files-2.1/org.springframework.data/spring-data-redis/1.5.0.RELEASE/779a339aadfe2bb0c8a74d81a773f366fa64a74e/spring-data-redis-1.5.0.RELEASE.jar:/home/mpollack/.gradle/caches/modules-2/files-2.1/org.springframework.integration/spring-integration-event/4.1.6.RELEASE/4ddbd55ad2853623feffd0d2e6114ceb5edfb1e/spring-integration-event-4.1.6.RELEASE.jar:/home/mpollack/.gradle/caches/modules-2/files-2.1/org.springframework.integration/spring-integration-xml/4.1.6.RELEASE/7920140abc82b0dee67c14cb2c7585f1a5b6498b/spring-integration-xml-4.1.6.RELEASE.jar:/home/mpollack/.gradle/caches/modules-2/files-2.1/org.springframework.integration/spring-integration-jmx/4.1.6.RELEASE/9847c1cf59631119f2896b17aa492dff8cdb44c8/spring-integration-jmx-4.1.6.RELEASE.jar:/home/mpollack/.gradle/caches/modules-2/files-2.1/org.jolokia/jolokia-core/1.2.3/72f34c68df0c68229fa765af1e5e29dba5349d59/jolokia-core-1.2.3.jar:/home/mpollack/.gradle/caches/modules-2/files-2.1/log4j/log4j/1.2.17/5af35056b4d257e4b64b9e8069c0746e8b08629f/log4j-1.2.17.jar:/home/mpollack/.gradle/caches/modules-2/files-2.1/redis.clients/jedis/2.6.2/b5572df5cedcc72fb12affd338ef34b628f98eff/jedis-2.6.2.jar:/home/mpollack/.gradle/caches/modules-2/files-2.1/org.apache.zookeeper/zookeeper/3.4.6/1b2502e29da1ebaade2357cd1de35a855fa3755/zookeeper-3.4.6.jar:/home/mpollack/.gradle/caches/modules-2/files-2.1/org.apache.curator/curator-recipes/2.6.0/8736b0fc42e6bf006d585fe85c90aaa4ade5cbef/curator-recipes-2.6.0.jar:/home/mpollack/.gradle/caches/modules-2/files-2.1/args4j/args4j/2.0.16/9f00fb12820743b9e05c686eba543d64dd43f2b1/args4j-2.0.16.jar:/home/mpollack/.gradle/caches/modules-2/files-2.1/org.springframework.batch/spring-batch-core/3.0.3.RELEASE/44afca9762100997ffa92a9f32464f71dfdae54f/spring-batch-core-3.0.3.RELEASE.jar:/home/mpollack/.gradle/caches/modules-2/files-2.1/org.apache.tomcat/tomcat-jdbc/8.0.20/7802cb686f4dec006ae31b86b283ddd45f4a3d/tomcat-jdbc-8.0.20.jar:/home/mpollack/.gradle/caches/modules-2/files-2.1/org.springframework.batch/spring-batch-admin-manager/1.3.0.RELEASE/d937f98ab8bf2968616177ee6c4ca8e14c5ee3e7/spring-batch-admin-manager-1.3.0.RELEASE.jar:/home/mpollack/.gradle/caches/modules-2/files-2.1/org.springframework.batch/spring-batch-integration/3.0.3.RELEASE/e385d56e7d58ec96d598670155f87e8038e00fe1/spring-batch-integration-3.0.3.RELEASE.jar:/home/mpollack/.gradle/caches/modules-2/files-2.1/org.hibernate/hibernate-validator/5.1.3.Final/334d46a93cf095160ce06d8382594b904933c808/hibernate-validator-5.1.3.Final.jar:/home/mpollack/.gradle/caches/modules-2/files-2.1/com.google.code.findbugs/jsr305/2.0.0/516c03b21d50a644d538de0f0369c620989cd8f0/jsr305-2.0.0.jar:/home/mpollack/.gradle/caches/modules-2/files-2.1/org.springframework.xd/spring-xd-batch/1.2.1.RELEASE/89118049aefea708b5d2b744134d9d302bbd8064/spring-xd-batch-1.2.1.RELEASE.jar:/home/mpollack/.gradle/caches/modules-2/files-2.1/org.springframework.xd/spring-xd-rest-domain/1.2.1.RELEASE/27ea3dd3883beb7edeff95daa87f339711e0ce49/spring-xd-rest-domain-1.2.1.RELEASE.jar:/home/mpollack/.gradle/caches/modules-2/files-2.1/org.springframework/spring-webmvc/4.1.7.RELEASE/b6b9f604cb2223251cae67fff7ca2b1d9ff1c2d8/spring-webmvc-4.1.7.RELEASE.jar:/home/mpollack/.gradle/caches/modules-2/files-2.1/org.springframework.xd/spring-xd-module/1.2.1.RELEASE/63069f1ba8e4a9ac6493641c438213b49f887b8e/spring-xd-module-1.2.1.RELEASE.jar:/home/mpollack/.gradle/caches/modules-2/files-2.1/com.jayway.jsonpath/json-path/1.2.0/65b0ddea22744a3ba7fe91585db599aaa812152e/json-path-1.2.0.jar:/home/mpollack/.gradle/caches/modules-2/files-2.1/com.sun.mail/javax.mail/1.5.2/ad1027a3d832bb7f34b4b9afeed760ca8eaa12f/javax.mail-1.5.2.jar:/home/mpollack/.gradle/caches/modules-2/files-2.1/org.springframework.integration/spring-integration-test/4.1.6.RELEASE/e0f54e59f4cdd5ee2aa2ea5b52e78c4e21ae7eb4/spring-integration-test-4.1.6.RELEASE.jar:/home/mpollack/.gradle/caches/modules-2/files-2.1/org.springframework.integration/spring-integration-amqp/4.1.6.RELEASE/e52c09ff2498458ab794fed60dd076ee3a47926/spring-integration-amqp-4.1.6.RELEASE.jar:/home/mpollack/.gradle/caches/modules-2/files-2.1/org.springframework.integration/spring-integration-redis/4.1.6.RELEASE/20999d929bb4675b7ec5e001a098bcd3429d5f57/spring-integration-redis-4.1.6.RELEASE.jar:/home/mpollack/.gradle/caches/modules-2/files-2.1/org.springframework.integration/spring-integration-mqtt/4.1.6.RELEASE/10d76cf72033db9c32cad290eec3cc87c86b0240/spring-integration-mqtt-4.1.6.RELEASE.jar:/home/mpollack/.gradle/caches/modules-2/files-2.1/org.springframework.integration/spring-integration-kafka/1.2.0.RELEASE/58c1df6941095334bb6344b347a0291fbfdba760/spring-integration-kafka-1.2.0.RELEASE.jar:/home/mpollack/.gradle/caches/modules-2/files-2.1/com.google.guava/guava/16.0.1/5fa98cd1a63c99a44dd8d3b77e4762b066a5d0c5/guava-16.0.1.jar:/home/mpollack/.gradle/caches/modules-2/files-2.1/org.springframework/spring-context/4.1.7.RELEASE/8c6c02bcccfa23a74db59f7b7725e69e1af38f04/spring-context-4.1.7.RELEASE.jar:/home/mpollack/.gradle/caches/modules-2/files-2.1/org.springframework/spring-context-support/4.1.7.RELEASE/db508937a1033bd3267e57566044df705076dc6/spring-context-support-4.1.7.RELEASE.jar:/home/mpollack/.gradle/caches/modules-2/files-2.1/org.springframework/spring-tx/4.1.7.RELEASE/3465a5d3b24006d51482cf45abd13e347f64582a/spring-tx-4.1.7.RELEASE.jar:/home/mpollack/.gradle/caches/modules-2/files-2.1/org.springframework/spring-test/4.1.7.RELEASE/5953f9c4cf1d4ddf323cd6caf60daf33f1abafc3/spring-test-4.1.7.RELEASE.jar:/home/mpollack/.gradle/caches/modules-2/files-2.1/org.hsqldb/hsqldb/2.3.2/970fd7b8f635e2c19305160459649569655b843c/hsqldb-2.3.2.jar:/home/mpollack/.gradle/caches/modules-2/files-2.1/junit/junit/4.12/2973d150c0dc1fefe998f834810d68f278ea58ec/junit-4.12.jar:/home/mpollack/.gradle/caches/modules-2/files-2.1/commons-io/commons-io/2.4/b1b6ea3b7e4aa4f492509a4952029cd8e48019ad/commons-io-2.4.jar:/home/mpollack/.gradle/caches/modules-2/files-2.1/org.apache.kafka/kafka_2.10/0.8.2.1/6c38c1eee17a47d7b726470dc7472e3363f885c6/kafka_2.10-0.8.2.1-test.jar:/home/mpollack/.gradle/caches/modules-2/files-2.1/org.apache.kafka/kafka_2.10/0.8.2.1/1f1b63dbdac7ede6560675936cb8d88d9cf19c3a/kafka_2.10-0.8.2.1.jar:/home/mpollack/.gradle/caches/modules-2/files-2.1/org.apache.kafka/kafka-clients/0.8.2.1/9ef741135d2e869a022c66de65c1c08adc375077/kafka-clients-0.8.2.1.jar:/home/mpollack/.gradle/caches/modules-2/files-2.1/org.apache.curator/curator-test/2.6.0/5f55c3eeb4c14d3937487b5e211ccc7330f9630e/curator-test-2.6.0.jar:/home/mpollack/.gradle/caches/modules-2/files-2.1/org.projectreactor/reactor-core/1.1.4.RELEASE/da621f1aef5f8cd5c22ae78afec53f1e8659caed/reactor-core-1.1.4.RELEASE.jar:/home/mpollack/.gradle/caches/modules-2/files-2.1/org.springframework/spring-core/4.1.7.RELEASE/9f8e34eef228f44bda771c9dc62e9f1efa82c92d/spring-core-4.1.7.RELEASE.jar:/home/mpollack/.gradle/caches/modules-2/files-2.1/org.mongodb/mongo-java-driver/2.13.0/6b19c1276871001fa85684475db7e4c538046b52/mongo-java-driver-2.13.0.jar:/home/mpollack/.gradle/caches/modules-2/files-2.1/org.codehaus.jackson/jackson-core-asl/1.9.13/3c304d70f42f832e0a86d45bd437f692129299a4/jackson-core-asl-1.9.13.jar:/home/mpollack/.gradle/caches/modules-2/files-2.1/org.springframework/spring-beans/4.1.7.RELEASE/e52148e9671e2918a2172c9cf56b77bede2042ce/spring-beans-4.1.7.RELEASE.jar:/home/mpollack/.gradle/caches/modules-2/files-2.1/org.apache.httpcomponents/httpcore/4.3.3/f91b7a4aadc5cf486df6e4634748d7dd7a73f06d/httpcore-4.3.3.jar:/home/mpollack/.gradle/caches/modules-2/files-2.1/commons-codec/commons-codec/1.6/b7f0fc8f61ecadeb3695f0b9464755eee44374d4/commons-codec-1.6.jar:/home/mpollack/.gradle/caches/modules-2/files-2.1/org.springframework.xd/spring-xd-tuple/1.2.1.RELEASE/cfd7d3edac235c4d003d7d295016602c89c46796/spring-xd-tuple-1.2.1.RELEASE.jar:/home/mpollack/.gradle/caches/modules-2/files-2.1/joda-time/joda-time/2.5/c73038a3688525aad5cf33409df483178290cd64/joda-time-2.5.jar:/home/mpollack/.gradle/caches/modules-2/files-2.1/org.springframework.xd/spring-xd-module-spi/1.2.1.RELEASE/e468730518d4b0b4e67b7c271ccac08fd043684f/spring-xd-module-spi-1.2.1.RELEASE.jar:/home/mpollack/.gradle/caches/modules-2/files-2.1/org.apache.commons/commons-pool2/2.2/bd1a6e384f3cf0f9b9a60e1e6c1c1ecbbee7e0b7/commons-pool2-2.2.jar:/home/mpollack/.gradle/caches/modules-2/files-2.1/org.springframework.xd/spring-xd-spi-common/1.2.1.RELEASE/f0fca6e3ccafb53a3821a11373281d0f672afaf/spring-xd-spi-common-1.2.1.RELEASE.jar:/home/mpollack/.gradle/caches/modules-2/files-2.1/org.springframework.xd/spring-xd-codec/1.2.1.RELEASE/a31865e1fbd616c0cc71f7436da793cb1db85d8/spring-xd-codec-1.2.1.RELEASE.jar:/home/mpollack/.gradle/caches/modules-2/files-2.1/org.springframework.cloud/spring-cloud-core/1.1.1.RELEASE/47384e4f2e3a5294284307cd0c1db36559487d8a/spring-cloud-core-1.1.1.RELEASE.jar:/home/mpollack/.gradle/caches/modules-2/files-2.1/org.springframework.boot/spring-boot/1.2.5.RELEASE/d12969adffe18f6f778451b1a8d1dab485ab4a03/spring-boot-1.2.5.RELEASE.jar:/home/mpollack/.gradle/caches/modules-2/files-2.1/org.springframework.boot/spring-boot-starter/1.2.5.RELEASE/416b6339599892cb33077c9fd901de7669c38cbe/spring-boot-starter-1.2.5.RELEASE.jar:/home/mpollack/.gradle/caches/modules-2/files-2.1/org.springframework.security/spring-security-config/3.2.7.RELEASE/36ded839a3f90b268c2b708a5a92a50aa0412223/spring-security-config-3.2.7.RELEASE.jar:/home/mpollack/.gradle/caches/modules-2/files-2.1/org.springframework.security/spring-security-web/3.2.7.RELEASE/3170f54765d6d9f99cf2d4ba7f25698d1026cf6f/spring-security-web-3.2.7.RELEASE.jar:/home/mpollack/.gradle/caches/modules-2/files-2.1/org.springframework.ldap/spring-ldap-core/1.3.2.RELEASE/cae848fe4280fef46bad5a7bad2fe4404f8bd442/spring-ldap-core-1.3.2.RELEASE.jar:/home/mpollack/.gradle/caches/modules-2/files-2.1/org.springframework.security/spring-security-core/3.2.7.RELEASE/50c170701f0cc9a99d14a50a7a97ff0c651bab66/spring-security-core-3.2.7.RELEASE.jar:/home/mpollack/.gradle/caches/modules-2/files-2.1/org.springframework.boot/spring-boot-starter-web/1.2.5.RELEASE/afe2043ba5aa7d112a4ef0c907ebc6dbf8b93ce5/spring-boot-starter-web-1.2.5.RELEASE.jar:/home/mpollack/.gradle/caches/modules-2/files-2.1/org.springframework.session/spring-session/1.0.1.RELEASE/48b68b69cde18c4d09d839b65b8b948cb426b005/spring-session-1.0.1.RELEASE.jar:/home/mpollack/.gradle/caches/modules-2/files-2.1/org.springframework.xd/spring-xd-admin-ui-client/1.2.1.RELEASE/a2c30250852188fd5d525d72c3ef5861d7ab9e8a/spring-xd-admin-ui-client-1.2.1.RELEASE.jar:/home/mpollack/.gradle/caches/modules-2/files-2.1/org.springframework.ws/spring-xml/2.2.1.RELEASE/f5780d54ea19ba889dced4431e035140eddecf9/spring-xml-2.2.1.RELEASE.jar:/home/mpollack/.gradle/caches/modules-2/files-2.1/com.googlecode.json-simple/json-simple/1.1.1/c9ad4a0850ab676c5c64461a05ca524cdfff59f1/json-simple-1.1.1.jar:/home/mpollack/.gradle/caches/modules-2/files-2.1/io.netty/netty/3.7.0.Final/7a8c35599c68c0bf383df74469aa3e03d9aca87/netty-3.7.0.Final.jar:/home/mpollack/.gradle/caches/modules-2/files-2.1/org.apache.curator/curator-framework/2.6.0/81a699c39d127b5b4ff97cc77da7650b53e5b5ed/curator-framework-2.6.0.jar:/home/mpollack/.gradle/caches/modules-2/files-2.1/com.ibm.jbatch/com.ibm.jbatch-tck-spi/1.0/8ac869b0a60bff1a15eba0fb6398942410396938/com.ibm.jbatch-tck-spi-1.0.jar:/home/mpollack/.gradle/caches/modules-2/files-2.1/com.thoughtworks.xstream/xstream/1.4.7/bce3282142b63068260f021fcbe48b72e8d71a1a/xstream-1.4.7.jar:/home/mpollack/.gradle/caches/modules-2/files-2.1/org.codehaus.jettison/jettison/1.2/765a6181653f4b05c18c7a9e8f5c1f8269bf9b2/jettison-1.2.jar:/home/mpollack/.gradle/caches/modules-2/files-2.1/org.springframework.batch/spring-batch-infrastructure/3.0.3.RELEASE/733eb8a48a55ef274b4c688f4b218c01e2b0d502/spring-batch-infrastructure-3.0.3.RELEASE.jar:/home/mpollack/.gradle/caches/modules-2/files-2.1/org.apache.tomcat/tomcat-juli/8.0.20/f1654901f9bd84c03c648099335dd2f7e7085f90/tomcat-juli-8.0.20.jar:/home/mpollack/.gradle/caches/modules-2/files-2.1/org.aspectj/aspectjrt/1.8.1/5e7a0fa36cc24ead36d885b9d775bb31ffa8524c/aspectjrt-1.8.1.jar:/home/mpollack/.gradle/caches/modules-2/files-2.1/commons-collections/commons-collections/3.2.1/761ea405b9b37ced573d2df0d1e3a4e0f9edc668/commons-collections-3.2.1.jar:/home/mpollack/.gradle/caches/modules-2/files-2.1/org.springframework.batch/spring-batch-admin-resources/1.3.0.RELEASE/94683cd8995d9f5fcf58d6a0e727589e298a93f3/spring-batch-admin-resources-1.3.0.RELEASE.jar:/home/mpollack/.gradle/caches/modules-2/files-2.1/org.aspectj/aspectjweaver/1.8.1/da75e95c91703667b2ae20acdd3d8ee40ea7aabd/aspectjweaver-1.8.1.jar:/home/mpollack/.gradle/caches/modules-2/files-2.1/commons-dbcp/commons-dbcp/1.4/30be73c965cc990b153a100aaaaafcf239f82d39/commons-dbcp-1.4.jar:/home/mpollack/.gradle/caches/modules-2/files-2.1/commons-fileupload/commons-fileupload/1.3.1/c621b54583719ac0310404463d6d99db27e1052c/commons-fileupload-1.3.1.jar:/home/mpollack/.gradle/caches/modules-2/files-2.1/javax.validation/validation-api/1.1.0.Final/8613ae82954779d518631e05daa73a6a954817d5/validation-api-1.1.0.Final.jar:/home/mpollack/.gradle/caches/modules-2/files-2.1/org.jboss.logging/jboss-logging/3.1.3.GA/64499e907f19e5e1b3fdc02f81440c1832fe3545/jboss-logging-3.1.3.GA.jar:/home/mpollack/.gradle/caches/modules-2/files-2.1/com.fasterxml/classmate/1.0.0/434efef28c81162b17c540e634cffa3bd9b09b4c/classmate-1.0.0.jar:/home/mpollack/.gradle/caches/modules-2/files-2.1/org.springframework/spring-jdbc/4.1.7.RELEASE/5e4c9931acaf2857efe5f1ad27e4791c0855b8b2/spring-jdbc-4.1.7.RELEASE.jar:/home/mpollack/.gradle/caches/modules-2/files-2.1/org.springframework.hateoas/spring-hateoas/0.16.0.RELEASE/b5f0802006170eba329089d3e82155f97eb3347/spring-hateoas-0.16.0.RELEASE.jar:/home/mpollack/.gradle/caches/modules-2/files-2.1/org.springframework.plugin/spring-plugin-core/1.1.0.RELEASE/597b979a66e2a338bc988e8eccf53fad4600a07e/spring-plugin-core-1.1.0.RELEASE.jar:/home/mpollack/.gradle/caches/modules-2/files-2.1/org.springframework.boot/spring-boot-loader/1.2.5.RELEASE/fecb89f11d82e028e8ba28f973c6a9e5710c49c2/spring-boot-loader-1.2.5.RELEASE.jar:/home/mpollack/.gradle/caches/modules-2/files-2.1/net.minidev/json-smart/2.1.0/f495d2315bd42af39a2e3280f41ad0a9cfaa6fb0/json-smart-2.1.0.jar:/home/mpollack/.gradle/caches/modules-2/files-2.1/javax.activation/activation/1.1/e6cb541461c2834bdea3eb920f1884d1eb508b50/activation-1.1.jar:/home/mpollack/.gradle/caches/modules-2/files-2.1/org.hamcrest/hamcrest-all/1.3/63a21ebc981131004ad02e0434e799fd7f3a8d5a/hamcrest-all-1.3.jar:/home/mpollack/.gradle/caches/modules-2/files-2.1/org.mockito/mockito-core/1.9.5/c3264abeea62c4d2f367e21484fbb40c7e256393/mockito-core-1.9.5.jar:/home/mpollack/.gradle/caches/modules-2/files-2.1/org.springframework.amqp/spring-rabbit/1.4.5.RELEASE/5bb993995cf2aab20c170ecbfe67a91c1b4bbf8a/spring-rabbit-1.4.5.RELEASE.jar:/home/mpollack/.gradle/caches/modules-2/files-2.1/org.eclipse.paho/org.eclipse.paho.client.mqttv3/1.0.2/11752d3f24d1a9deda4533a7ca18d8496417ceeb/org.eclipse.paho.client.mqttv3-1.0.2.jar:/home/mpollack/.gradle/caches/modules-2/files-2.1/org.apache.avro/avro/1.7.6/2b02bff72cffe2c52d336ccbb9cfe8d0fc59be7e/avro-1.7.6.jar:/home/mpollack/.gradle/caches/modules-2/files-2.1/io.projectreactor/reactor-core/2.0.3.RELEASE/8cd926729690f88099cb172d490babb868bf8042/reactor-core-2.0.3.RELEASE.jar:/home/mpollack/.gradle/caches/modules-2/files-2.1/com.yammer.metrics/metrics-annotation/2.2.0/62962b54c490a95c0bb255fa93b0ddd6cc36dd4b/metrics-annotation-2.2.0.jar:/home/mpollack/.gradle/caches/modules-2/files-2.1/com.yammer.metrics/metrics-core/2.2.0/f82c035cfa786d3cbec362c38c22a5f5b1bc8724/metrics-core-2.2.0.jar:/home/mpollack/.gradle/caches/modules-2/files-2.1/org.scala-lang/scala-library/2.10.4/9aae4cb1802537d604e03688cab744ff47b31a7d/scala-library-2.10.4.jar:/home/mpollack/.gradle/caches/modules-2/files-2.1/net.sf.jopt-simple/jopt-simple/3.2/d625f12ba08083c8c16dcedd5396ec730e9e77ab/jopt-simple-3.2.jar:/home/mpollack/.gradle/caches/modules-2/files-2.1/com.101tec/zkclient/0.3/dedcf2b53fb742adba7080ac3aed781694ba616e/zkclient-0.3.jar:/home/mpollack/.gradle/caches/modules-2/files-2.1/net.jpountz.lz4/lz4/1.2.0/cd301e9a481eae5b68c53267100aeca43b782b9f/lz4-1.2.0.jar:/home/mpollack/.gradle/caches/modules-2/files-2.1/org.xerial.snappy/snappy-java/1.1.1.6/e3f12835a135c0d253bee4dbbe74d37ce35d7269/snappy-java-1.1.1.6.jar:/home/mpollack/.gradle/caches/modules-2/files-2.1/org.javassist/javassist/3.18.1-GA/d9a09f7732226af26bf99f19e2cffe0ae219db5b/javassist-3.18.1-GA.jar:/home/mpollack/.gradle/caches/modules-2/files-2.1/org.apache.commons/commons-math/2.2/4877b85d388275f994a5cfc7eceb73a8045d3006/commons-math-2.2.jar:/home/mpollack/.gradle/caches/modules-2/files-2.1/com.esotericsoftware/kryo-shaded/3.0.0/c6747d5319d219bcee18fc16661bfc9914ccf261/kryo-shaded-3.0.0.jar:/home/mpollack/.gradle/caches/modules-2/files-2.1/aopalliance/aopalliance/1.0/235ba8b489512805ac13a8f9ea77a1ca5ebe3e8/aopalliance-1.0.jar:/home/mpollack/.gradle/caches/modules-2/files-2.1/org.springframework.boot/spring-boot-starter-logging/1.2.5.RELEASE/79df0d68a15dd5437010e46df1806482a7878e76/spring-boot-starter-logging-1.2.5.RELEASE.jar:/home/mpollack/.gradle/caches/modules-2/files-2.1/org.springframework.boot/spring-boot-starter-tomcat/1.2.5.RELEASE/9ac1752cd1a81b227d5f37e547077518df15a624/spring-boot-starter-tomcat-1.2.5.RELEASE.jar:/home/mpollack/.gradle/caches/modules-2/files-2.1/org.apache.curator/curator-client/2.6.0/b9007c357ad1a78066fc6004e8b1feaa2318f6f3/curator-client-2.6.0.jar:/home/mpollack/.gradle/caches/modules-2/files-2.1/commons-pool/commons-pool/1.5.4/75b6e20c596ed2945a259cea26d7fadd298398e6/commons-pool-1.5.4.jar:/home/mpollack/.gradle/caches/modules-2/files-2.1/org.objenesis/objenesis/2.1/87c0ea803b69252868d09308b4618f766f135a96/objenesis-2.1.jar:/home/mpollack/.gradle/caches/modules-2/files-2.1/org.springframework.integration/spring-integration-http/3.0.2.RELEASE/6a3564cb424c0ea6bce0f4a2bab439f445d24f2e/spring-integration-http-3.0.2.RELEASE.jar:/home/mpollack/.gradle/caches/modules-2/files-2.1/org.springframework.integration/spring-integration-file/3.0.2.RELEASE/8b74772228aaf5ce2315895a29dbd6a15fd6f8ad/spring-integration-file-3.0.2.RELEASE.jar:/home/mpollack/.gradle/caches/modules-2/files-2.1/net.minidev/asm/1.0.2/49f3068a4591b4aa6af553905ff2145685a21c2c/asm-1.0.2.jar:/home/mpollack/.gradle/caches/modules-2/files-2.1/com.rabbitmq/amqp-client/3.5.1/6086769bfb7a5054d97b855676aaa525b523f405/amqp-client-3.5.1.jar:/home/mpollack/.gradle/caches/modules-2/files-2.1/org.springframework.amqp/spring-amqp/1.4.5.RELEASE/4e8eee59bc1fe0c36096a5cbb6eae7f6bb44e3c4/spring-amqp-1.4.5.RELEASE.jar:/home/mpollack/.gradle/caches/modules-2/files-2.1/com.thoughtworks.paranamer/paranamer/2.3/4a85963a752c0a2f715c3924bfc686865e7e1bc6/paranamer-2.3.jar:/home/mpollack/.gradle/caches/modules-2/files-2.1/org.apache.commons/commons-compress/1.4.1/b02e84a993d88568417536240e970c4b809126fd/commons-compress-1.4.1.jar:/home/mpollack/.gradle/caches/modules-2/files-2.1/org.reactivestreams/reactive-streams/1.0.0/14b8c877d98005ba3941c9257cfe09f6ed0e0d74/reactive-streams-1.0.0.jar:/home/mpollack/.gradle/caches/modules-2/files-2.1/com.esotericsoftware/minlog/1.3.0/ff07b5f1b01d2f92bb00a337f9a94873712f0827/minlog-1.3.0.jar:/home/mpollack/.gradle/caches/modules-2/files-2.1/org.slf4j/jul-to-slf4j/1.7.12/8811e2e9ab9055e557598dc9aedc64fd43e0ab20/jul-to-slf4j-1.7.12.jar:/home/mpollack/.gradle/caches/modules-2/files-2.1/ch.qos.logback/logback-classic/1.1.3/d90276fff414f06cb375f2057f6778cd63c6082f/logback-classic-1.1.3.jar:/home/mpollack/.gradle/caches/modules-2/files-2.1/org.apache.tomcat.embed/tomcat-embed-logging-juli/8.0.23/2ec89b09cb0eb133a03d9f513474f99ff667b93b/tomcat-embed-logging-juli-8.0.23.jar:/home/mpollack/.gradle/caches/modules-2/files-2.1/org.apache.tomcat.embed/tomcat-embed-websocket/8.0.23/839167a26dec5dcef85fb19e2e429878b7215293/tomcat-embed-websocket-8.0.23.jar:/home/mpollack/.gradle/caches/modules-2/files-2.1/asm/asm/3.3.1/1d5f20b4ea675e6fab6ab79f1cd60ec268ddc015/asm-3.3.1.jar:/home/mpollack/.gradle/caches/modules-2/files-2.1/org.tukaani/xz/1.0/ecff5cb8b1189514c9d1d8d68eb77ac372e000c9/xz-1.0.jar:/home/mpollack/.gradle/caches/modules-2/files-2.1/ch.qos.logback/logback-core/1.1.3/e3c02049f2dbbc764681b40094ecf0dcbc99b157/logback-core-1.1.3.jar:/home/mpollack/.gradle/caches/modules-2/files-2.1/io.reactivex/rxjava/1.0.1/6f8530467571c99944c4aa9f8b14597905c8ec4f/rxjava-1.0.1.jar:/home/mpollack/.gradle/caches/modules-2/files-2.1/org.slf4j/slf4j-api/1.7.12/8e20852d05222dc286bf1c71d78d0531e177c317/slf4j-api-1.7.12.jar:/home/mpollack/.gradle/caches/modules-2/files-2.1/org.slf4j/jcl-over-slf4j/1.7.12/adef7a9e1263298255fdb5cb107ff171d07c82f3/jcl-over-slf4j-1.7.12.jar:/home/mpollack/.gradle/caches/modules-2/files-2.1/org.springframework/spring-messaging/4.1.7.RELEASE/329df947037c2dff0a922a234de575cc0caca09d/spring-messaging-4.1.7.RELEASE.jar:/home/mpollack/.gradle/caches/modules-2/files-2.1/org.springframework.retry/spring-retry/1.1.2.RELEASE/949a23beb82ebe31d7a1d47022353b8338c4da11/spring-retry-1.1.2.RELEASE.jar:/home/mpollack/.gradle/caches/modules-2/files-2.1/com.fasterxml.jackson.core/jackson-databind/2.4.6/3e63a25de4065697b185f523ed5e020c0db3ff0/jackson-databind-2.4.6.jar:/home/mpollack/.gradle/caches/modules-2/files-2.1/com.fasterxml.jackson.core/jackson-annotations/2.4.0/d6a66c7a5f01cf500377bd669507a08cfeba882a/jackson-annotations-2.4.0.jar:/home/mpollack/.gradle/caches/modules-2/files-2.1/com.fasterxml.jackson.core/jackson-core/2.4.6/2a1f6edb86b8c6d29f37f6a807295d4e5c279707/jackson-core-2.4.6.jar:/home/mpollack/.gradle/caches/modules-2/files-2.1/javax.batch/javax.batch-api/1.0/65392d027a6eb369fd9fcd1b75cae150e25ac03c/javax.batch-api-1.0.jar:/home/mpollack/.gradle/caches/modules-2/files-2.1/xmlpull/xmlpull/1.1.3.1/2b8e230d2ab644e4ecaa94db7cdedbc40c805dfa/xmlpull-1.1.3.1.jar:/home/mpollack/.gradle/caches/modules-2/files-2.1/xpp3/xpp3_min/1.1.4c/19d4e90b43059058f6e056f794f0ea4030d60b86/xpp3_min-1.1.4c.jar:/home/mpollack/.gradle/caches/modules-2/files-2.1/com.lmax/disruptor/3.2.1/db375f499e32c3f06549e9addf8b1647123d6426/disruptor-3.2.1.jar:/home/mpollack/.gradle/caches/modules-2/files-2.1/io.gatling/jsr166e/1.0/d1bf191a18dfe6e3157a4fbf6b527390d906ace6/jsr166e-1.0.jar:/home/mpollack/.gradle/caches/modules-2/files-2.1/commons-lang/commons-lang/2.6/ce1edb914c94ebc388f086c6827e8bdeec71ac2/commons-lang-2.6.jar:/home/mpollack/.gradle/caches/modules-2/files-2.1/org.hamcrest/hamcrest-core/1.3/42a25dc3219429f0e5d060061f71acb49bf010a0/hamcrest-core-1.3.jar:/home/mpollack/.gradle/caches/modules-2/files-2.1/org.apache.tomcat.embed/tomcat-embed-core/8.0.23/79dc3aea4f447392ab0bdc1359c31a931cd307d6/tomcat-embed-core-8.0.23.jar:/home/mpollack/.gradle/caches/modules-2/files-2.1/org.apache.tomcat.embed/tomcat-embed-el/8.0.23/5a1ca084156665968232112b6606c0b259213aab/tomcat-embed-el-8.0.23.jar:/home/mpollack/.gradle/caches/modules-2/files-2.1/commons-logging/commons-logging/1.2/4bfc12adfe4842bf07b657f0369c4cb522955686/commons-logging-1.2.jar:/home/mpollack/.gradle/caches/modules-2/files-2.1/com.goldmansachs/gs-collections/5.1.0/7114c5349c816ea645b1ea3ffcc21fa073cbabc/gs-collections-5.1.0.jar:/home/mpollack/.gradle/caches/modules-2/files-2.1/com.goldmansachs/gs-collections-api/5.1.0/ea605cdf64cab5fc7b48c99f061d4c8db05b6ff1/gs-collections-api-5.1.0.jar
2015-09-14 08:12:47.456  INFO 5874 --- [    Test worker] org.apache.zookeeper.ZooKeeper           : Client environment:java.library.path=/usr/java/packages/lib/amd64:/usr/lib64:/lib64:/lib:/usr/lib
2015-09-14 08:12:47.456  INFO 5874 --- [    Test worker] org.apache.zookeeper.ZooKeeper           : Client environment:java.io.tmpdir=/tmp
2015-09-14 08:12:47.456  INFO 5874 --- [    Test worker] org.apache.zookeeper.ZooKeeper           : Client environment:java.compiler=<NA>
2015-09-14 08:12:47.456  INFO 5874 --- [    Test worker] org.apache.zookeeper.ZooKeeper           : Client environment:os.name=Linux
2015-09-14 08:12:47.456  INFO 5874 --- [    Test worker] org.apache.zookeeper.ZooKeeper           : Client environment:os.arch=amd64
2015-09-14 08:12:47.456  INFO 5874 --- [    Test worker] org.apache.zookeeper.ZooKeeper           : Client environment:os.version=3.13.0-32-generic
2015-09-14 08:12:47.456  INFO 5874 --- [    Test worker] org.apache.zookeeper.ZooKeeper           : Client environment:user.name=mpollack
2015-09-14 08:12:47.456  INFO 5874 --- [    Test worker] org.apache.zookeeper.ZooKeeper           : Client environment:user.home=/home/mpollack
2015-09-14 08:12:47.456  INFO 5874 --- [    Test worker] org.apache.zookeeper.ZooKeeper           : Client environment:user.dir=/home/mpollack/projects/spring-xd-demo/top-sensor
2015-09-14 08:12:47.457  INFO 5874 --- [    Test worker] org.apache.zookeeper.ZooKeeper           : Initiating client connection, connectString=localhost:63273 sessionTimeout=60000 watcher=org.apache.curator.ConnectionState@3fedd3d7
2015-09-14 08:12:47.471  INFO 5874 --- [ocalhost:63273)] org.apache.zookeeper.ClientCnxn          : Opening socket connection to server localhost/127.0.0.1:63273. Will not attempt to authenticate using SASL (unknown error)
2015-09-14 08:12:47.530  INFO 5874 --- [    Test worker] ationConfigEmbeddedWebApplicationContext : Refreshing org.springframework.boot.context.embedded.AnnotationConfigEmbeddedWebApplicationContext@7dcc9b82: startup date [Mon Sep 14 08:12:47 EDT 2015]; parent: org.springframework.context.annotation.AnnotationConfigApplicationContext@6d23e5fd
2015-09-14 08:12:48.205  INFO 5874 --- [    Test worker] o.s.b.f.xml.XmlBeanDefinitionReader      : Loading XML bean definitions from class path resource [META-INF/spring-xd/internal/admin-server.xml]
2015-09-14 08:12:48.272  INFO 5874 --- [    Test worker] o.s.b.f.s.DefaultListableBeanFactory     : Overriding bean definition for bean 'beanNameViewResolver': replacing [Root bean: class [null]; scope=; abstract=false; lazyInit=false; autowireMode=3; dependencyCheck=0; autowireCandidate=true; primary=false; factoryBeanName=org.springframework.boot.autoconfigure.web.ErrorMvcAutoConfiguration$WhitelabelErrorViewConfiguration; factoryMethodName=beanNameViewResolver; initMethodName=null; destroyMethodName=(inferred); defined in class path resource [org/springframework/boot/autoconfigure/web/ErrorMvcAutoConfiguration$WhitelabelErrorViewConfiguration.class]] with [Root bean: class [null]; scope=; abstract=false; lazyInit=false; autowireMode=3; dependencyCheck=0; autowireCandidate=true; primary=false; factoryBeanName=org.springframework.boot.autoconfigure.web.WebMvcAutoConfiguration$WebMvcAutoConfigurationAdapter; factoryMethodName=beanNameViewResolver; initMethodName=null; destroyMethodName=(inferred); defined in class path resource [org/springframework/boot/autoconfigure/web/WebMvcAutoConfiguration$WebMvcAutoConfigurationAdapter.class]]
2015-09-14 08:12:48.287  INFO 5874 --- [    Test worker] o.s.b.f.s.DefaultListableBeanFactory     : Overriding bean definition for bean 'ignoredPathsWebSecurityConfigurerAdapter': replacing [Root bean: class [null]; scope=; abstract=false; lazyInit=false; autowireMode=3; dependencyCheck=0; autowireCandidate=true; primary=false; factoryBeanName=org.springframework.boot.autoconfigure.security.SpringBootWebSecurityConfiguration; factoryMethodName=ignoredPathsWebSecurityConfigurerAdapter; initMethodName=null; destroyMethodName=(inferred); defined in class path resource [org/springframework/boot/autoconfigure/security/SpringBootWebSecurityConfiguration.class]] with [Root bean: class [null]; scope=; abstract=false; lazyInit=false; autowireMode=3; dependencyCheck=0; autowireCandidate=true; primary=false; factoryBeanName=org.springframework.boot.actuate.autoconfigure.ManagementSecurityAutoConfiguration; factoryMethodName=ignoredPathsWebSecurityConfigurerAdapter; initMethodName=null; destroyMethodName=(inferred); defined in class path resource [org/springframework/boot/actuate/autoconfigure/ManagementSecurityAutoConfiguration.class]]
[...]
2015-09-14 08:13:01.223  INFO 5874 --- [ker-EventThread] o.s.i.endpoint.EventDrivenConsumer       : stopped org.springframework.integration.endpoint.EventDrivenConsumer@3fef35db
2015-09-14 08:13:01.224  INFO 5874 --- [ker-EventThread] s.c.a.AnnotationConfigApplicationContext : Closing org.springframework.context.annotation.AnnotationConfigApplicationContext@53bc9f3: startup date [Mon Sep 14 08:12:57 EDT 2015]; parent: org.springframework.context.annotation.AnnotationConfigApplicationContext@6d23e5fd
2015-09-14 08:13:01.227  INFO 5874 --- [ker-EventThread] o.s.c.support.DefaultLifecycleProcessor  : Stopping beans in phase 0
2015-09-14 08:13:01.228  INFO 5874 --- [ker-EventThread] o.s.c.support.DefaultLifecycleProcessor  : Stopping beans in phase -2147483648
2015-09-14 08:13:01.232  INFO 5874 --- [id:0 cport:-1):] o.a.z.server.PrepRequestProcessor        : Got user-level KeeperException when processing sessionid:0x14fcbc593ba0000 type:delete cxid:0xdf zxid:0x3d txntype:-1 reqpath:n/a Error Path:/tmp/xd/deployments/modules/allocated/db24916e-0e4f-4a7e-8f16-3ad51417cff3/testHighestTemperature.processor.highest-temperature.1 Error:KeeperErrorCode = Directory not empty for /tmp/xd/deployments/modules/allocated/db24916e-0e4f-4a7e-8f16-3ad51417cff3/testHighestTemperature.processor.highest-temperature.1
2015-09-14 08:13:01.506  INFO 5874 --- [ChildrenCache-0] o.s.x.d.s.container.DeploymentListener   : Path cache event: path=/deployments/modules/allocated/db24916e-0e4f-4a7e-8f16-3ad51417cff3/testHighestTemperature.processor.highest-temperature.1, type=CHILD_REMOVED
2015-09-14 08:13:01.619  INFO 5874 --- [ChildrenCache-0] o.s.x.d.s.container.DeploymentListener   : Path cache event: path=/deployments/modules/allocated/db24916e-0e4f-4a7e-8f16-3ad51417cff3/testHighestTemperatureJson.processor.highest-temperature.1, type=CHILD_ADDED
2015-09-14 08:13:01.619  INFO 5874 --- [ChildrenCache-0] o.s.x.d.s.container.DeploymentListener   : Deploying module 'highest-temperature' for stream 'testHighestTemperatureJson'
2015-09-14 08:13:01.633  INFO 5874 --- [ChildrenCache-0] o.s.x.d.s.container.DeploymentListener   : Deploying module [ModuleDescriptor@4fcb7c12 moduleName = 'highest-temperature', moduleLabel = 'highest-temperature', group = 'testHighestTemperatureJson', sourceChannelName = 'queue:producer', sinkChannelName = 'queue:consumer', index = 0, type = processor, parameters = map['inputType' -> 'application/x-xd-tuple', 'topValues' -> '3'], children = list[[empty]]]
2015-09-14 08:13:01.647  INFO 5874 --- [ChildrenCache-0] o.s.xd.module.core.ModuleFactory         : creating simple module [ModuleDescriptor@4fcb7c12 moduleName = 'highest-temperature', moduleLabel = 'highest-temperature', group = 'testHighestTemperatureJson', sourceChannelName = 'queue:producer', sinkChannelName = 'queue:consumer', index = 0, type = processor, parameters = map['inputType' -> 'application/x-xd-tuple', 'topValues' -> '3'], children = list[[empty]]]
2015-09-14 08:13:01.694  INFO 5874 --- [ChildrenCache-0] o.s.b.f.xml.XmlBeanDefinitionReader      : Loading XML bean definitions from file [/home/mpollack/projects/spring-xd-demo/top-sensor/build/resources/main/config/highest-temperature.xml]
2015-09-14 08:13:01.713  INFO 5874 --- [ChildrenCache-0] s.c.a.AnnotationConfigApplicationContext : Refreshing org.springframework.context.annotation.AnnotationConfigApplicationContext@ca1758f: startup date [Mon Sep 14 08:13:01 EDT 2015]; parent: org.springframework.context.annotation.AnnotationConfigApplicationContext@6d23e5fd
2015-09-14 08:13:01.729  INFO 5874 --- [ChildrenCache-0] o.s.c.support.DefaultLifecycleProcessor  : Starting beans in phase -2147483648
2015-09-14 08:13:01.729  INFO 5874 --- [ChildrenCache-0] o.s.c.support.DefaultLifecycleProcessor  : Starting beans in phase 0
2015-09-14 08:13:01.729  INFO 5874 --- [ChildrenCache-0] o.s.i.endpoint.EventDrivenConsumer       : Adding {message-handler} as a subscriber to the 'input' channel
2015-09-14 08:13:01.729  INFO 5874 --- [ChildrenCache-0] o.s.integration.channel.DirectChannel    : Channel 'ResourceConfiguredModule [name=highest-temperature, type=processor, group=testHighestTemperatureJson, index=0 @1d969326]:default,admin,singlenode,hsqldbServer:59535.input' has 1 subscriber(s).
2015-09-14 08:13:01.729  INFO 5874 --- [ChildrenCache-0] o.s.i.endpoint.EventDrivenConsumer       : started org.springframework.integration.config.ConsumerEndpointFactoryBean#0
2015-09-14 08:13:01.730  INFO 5874 --- [ChildrenCache-0] o.s.boot.SpringApplication               : Started application in 0.073 seconds (JVM running for 25.046)
2015-09-14 08:13:01.730  INFO 5874 --- [ChildrenCache-0] o.s.x.m.core.ResourceConfiguredModule    : initialized module: ResourceConfiguredModule [name=highest-temperature, type=processor, group=testHighestTemperatureJson, index=0 @1d969326]
2015-09-14 08:13:01.730  INFO 5874 --- [ChildrenCache-0] o.s.i.endpoint.EventDrivenConsumer       : Adding {bridge:outbound.queue:consumer} as a subscriber to the 'output' channel
2015-09-14 08:13:01.730  INFO 5874 --- [ChildrenCache-0] o.s.integration.channel.DirectChannel    : Channel 'ResourceConfiguredModule [name=highest-temperature, type=processor, group=testHighestTemperatureJson, index=0 @1d969326]:default,admin,singlenode,hsqldbServer:59535.output' has 1 subscriber(s).
2015-09-14 08:13:01.730  INFO 5874 --- [ChildrenCache-0] o.s.i.endpoint.EventDrivenConsumer       : started org.springframework.integration.endpoint.EventDrivenConsumer@5e154f4b
2015-09-14 08:13:01.731  INFO 5874 --- [ChildrenCache-0] o.s.i.endpoint.PollingConsumer           : started org.springframework.integration.endpoint.PollingConsumer@29430afe
2015-09-14 08:13:01.732  INFO 5874 --- [ChildrenCache-0] o.s.c.support.DefaultLifecycleProcessor  : Starting beans in phase -2147483648
2015-09-14 08:13:01.732  INFO 5874 --- [ChildrenCache-0] o.s.c.support.DefaultLifecycleProcessor  : Starting beans in phase 0
2015-09-14 08:13:01.732  INFO 5874 --- [ChildrenCache-0] o.s.xd.dirt.module.ModuleDeployer        : Deployed ResourceConfiguredModule [name=highest-temperature, type=processor, group=testHighestTemperatureJson, index=0 @1d969326]
2015-09-14 08:13:01.739  INFO 5874 --- [    Test worker] .s.x.d.s.a.d.z.ZKStreamDeploymentHandler : Deployment status for stream 'testHighestTemperatureJson': DeploymentStatus{state=deployed}
2015-09-14 08:13:01.742  INFO 5874 --- [    Test worker] o.s.i.endpoint.PollingConsumer           : started org.springframework.integration.endpoint.PollingConsumer@66ef4d44
2015-09-14 08:13:01.742  INFO 5874 --- [    Test worker] o.s.i.endpoint.EventDrivenConsumer       : Adding {bridge:outbound.queue:producer} as a subscriber to the 'null' channel
2015-09-14 08:13:01.743  INFO 5874 --- [    Test worker] o.s.integration.channel.DirectChannel    : Channel 'unknown.channel.name' has 1 subscriber(s).
2015-09-14 08:13:01.743  INFO 5874 --- [    Test worker] o.s.i.endpoint.EventDrivenConsumer       : started org.springframework.integration.endpoint.EventDrivenConsumer@4e4be2d4
output Tuple = [ + {"hottest":{"4":19.9,"3":19.8,"2":19.6}}]
output Tuple = [ + {"hottest":{}}]
2015-09-14 08:13:05.727  INFO 5874 --- [    Test worker] o.s.i.endpoint.PollingConsumer           : stopped org.springframework.integration.endpoint.PollingConsumer@66ef4d44
2015-09-14 08:13:05.727  INFO 5874 --- [    Test worker] o.s.i.endpoint.EventDrivenConsumer       : Removing {bridge:outbound.queue:producer} as a subscriber to the 'null' channel
2015-09-14 08:13:05.727  INFO 5874 --- [    Test worker] o.s.integration.channel.DirectChannel    : Channel 'unknown.channel.name' has 0 subscriber(s).
2015-09-14 08:13:05.727  INFO 5874 --- [    Test worker] o.s.i.endpoint.EventDrivenConsumer       : stopped org.springframework.integration.endpoint.EventDrivenConsumer@4e4be2d4
2015-09-14 08:13:05.732  INFO 5874 --- [    Test worker] o.s.x.d.s.z.ZooKeeperStreamRepository    : Undeploying stream testHighestTemperatureJson
2015-09-14 08:13:08.320  WARN 5874 --- [   SyncThread:0] o.a.z.server.persistence.FileTxnLog      : fsync-ing the write ahead log in SyncThread:0 took 2586ms which will adversely effect operation latency. See the ZooKeeper troubleshooting guide
2015-09-14 08:13:08.324  INFO 5874 --- [ker-EventThread] o.s.x.d.s.container.DeploymentListener   : Undeploying module [ModuleDescriptor@4fcb7c12 moduleName = 'highest-temperature', moduleLabel = 'highest-temperature', group = 'testHighestTemperatureJson', sourceChannelName = 'queue:producer', sinkChannelName = 'queue:consumer', index = 0, type = processor, parameters = map['inputType' -> 'application/x-xd-tuple', 'topValues' -> '3'], children = list[[empty]]]
2015-09-14 08:13:08.324  INFO 5874 --- [id:0 cport:-1):] o.a.z.server.PrepRequestProcessor        : Got user-level KeeperException when processing sessionid:0x14fcbc593ba0000 type:delete cxid:0x136 zxid:0x50 txntype:-1 reqpath:n/a Error Path:/tmp/xd/deployments/streams/testHighestTemperatureJson Error:KeeperErrorCode = Directory not empty for /tmp/xd/deployments/streams/testHighestTemperatureJson
2015-09-14 08:13:08.324  INFO 5874 --- [ker-EventThread] o.s.xd.dirt.module.ModuleDeployer        : Removed ResourceConfiguredModule [name=highest-temperature, type=processor, group=testHighestTemperatureJson, index=0 @1d969326]
2015-09-14 08:13:08.324  INFO 5874 --- [ker-EventThread] o.s.i.endpoint.PollingConsumer           : stopped org.springframework.integration.endpoint.PollingConsumer@29430afe
2015-09-14 08:13:08.325  INFO 5874 --- [ker-EventThread] o.s.c.support.DefaultLifecycleProcessor  : Stopping beans in phase 0
2015-09-14 08:13:08.325  INFO 5874 --- [ker-EventThread] o.s.i.endpoint.EventDrivenConsumer       : Removing {message-handler} as a subscriber to the 'input' channel
2015-09-14 08:13:08.325  INFO 5874 --- [ker-EventThread] o.s.integration.channel.DirectChannel    : Channel 'ResourceConfiguredModule [name=highest-temperature, type=processor, group=testHighestTemperatureJson, index=0 @1d969326]:default,admin,singlenode,hsqldbServer:59535.input' has 0 subscriber(s).
2015-09-14 08:13:08.325  INFO 5874 --- [ker-EventThread] o.s.i.endpoint.EventDrivenConsumer       : stopped org.springframework.integration.config.ConsumerEndpointFactoryBean#0
2015-09-14 08:13:08.325  INFO 5874 --- [ker-EventThread] o.s.c.support.DefaultLifecycleProcessor  : Stopping beans in phase -2147483648
2015-09-14 08:13:08.326  INFO 5874 --- [ker-EventThread] o.s.i.endpoint.EventDrivenConsumer       : Removing {bridge:outbound.queue:consumer} as a subscriber to the 'output' channel
2015-09-14 08:13:08.327  INFO 5874 --- [ker-EventThread] o.s.integration.channel.DirectChannel    : Channel 'ResourceConfiguredModule [name=highest-temperature, type=processor, group=testHighestTemperatureJson, index=0 @1d969326]:default,admin,singlenode,hsqldbServer:59535.output' has 0 subscriber(s).
2015-09-14 08:13:08.327  INFO 5874 --- [ker-EventThread] o.s.i.endpoint.EventDrivenConsumer       : stopped org.springframework.integration.endpoint.EventDrivenConsumer@5e154f4b
2015-09-14 08:13:08.328  INFO 5874 --- [ker-EventThread] s.c.a.AnnotationConfigApplicationContext : Closing org.springframework.context.annotation.AnnotationConfigApplicationContext@ca1758f: startup date [Mon Sep 14 08:13:01 EDT 2015]; parent: org.springframework.context.annotation.AnnotationConfigApplicationContext@6d23e5fd
2015-09-14 08:13:08.334  INFO 5874 --- [ker-EventThread] o.s.c.support.DefaultLifecycleProcessor  : Stopping beans in phase 0
2015-09-14 08:13:08.334  INFO 5874 --- [ker-EventThread] o.s.c.support.DefaultLifecycleProcessor  : Stopping beans in phase -2147483648
2015-09-14 08:13:08.339  INFO 5874 --- [id:0 cport:-1):] o.a.z.server.PrepRequestProcessor        : Got user-level KeeperException when processing sessionid:0x14fcbc593ba0000 type:delete cxid:0x141 zxid:0x55 txntype:-1 reqpath:n/a Error Path:/tmp/xd/deployments/modules/allocated/db24916e-0e4f-4a7e-8f16-3ad51417cff3/testHighestTemperatureJson.processor.highest-temperature.1 Error:KeeperErrorCode = Directory not empty for /tmp/xd/deployments/modules/allocated/db24916e-0e4f-4a7e-8f16-3ad51417cff3/testHighestTemperatureJson.processor.highest-temperature.1
2015-09-14 08:13:08.352  INFO 5874 --- [    Test worker] s.c.a.AnnotationConfigApplicationContext : Closing org.springframework.context.annotation.AnnotationConfigApplicationContext@61768579: startup date [Mon Sep 14 08:12:56 EDT 2015]; parent: org.springframework.context.annotation.AnnotationConfigApplicationContext@41bda9bb
2015-09-14 08:13:08.353  INFO 5874 --- [    Test worker] o.s.c.support.DefaultLifecycleProcessor  : Stopping beans in phase 0
2015-09-14 08:13:08.353  INFO 5874 --- [    Test worker] o.s.c.support.DefaultLifecycleProcessor  : Stopping beans in phase -2147483648
2015-09-14 08:13:08.354  INFO 5874 --- [ChildrenCache-0] o.s.x.d.s.container.DeploymentListener   : Path cache event: path=/deployments/modules/allocated/db24916e-0e4f-4a7e-8f16-3ad51417cff3/testHighestTemperatureJson.processor.highest-temperature.1, type=CHILD_REMOVED
2015-09-14 08:13:08.355  INFO 5874 --- [    Test worker] s.c.a.AnnotationConfigApplicationContext : Closing org.springframework.context.annotation.AnnotationConfigApplicationContext@41bda9bb: startup date [Mon Sep 14 08:12:53 EDT 2015]; parent: org.springframework.context.annotation.AnnotationConfigApplicationContext@6d23e5fd
2015-09-14 08:13:08.356  INFO 5874 --- [    Test worker] o.s.c.support.DefaultLifecycleProcessor  : Stopping beans in phase 0
2015-09-14 08:13:08.356  INFO 5874 --- [    Test worker] o.s.c.support.DefaultLifecycleProcessor  : Stopping beans in phase -2147483648
2015-09-14 08:13:08.357  INFO 5874 --- [    Test worker] s.c.a.AnnotationConfigApplicationContext : Closing org.springframework.context.annotation.AnnotationConfigApplicationContext@6d23e5fd: startup date [Mon Sep 14 08:12:47 EDT 2015]; parent: org.springframework.context.annotation.AnnotationConfigApplicationContext@7559d51
2015-09-14 08:13:08.357  INFO 5874 --- [    Test worker] ationConfigEmbeddedWebApplicationContext : Closing org.springframework.boot.context.embedded.AnnotationConfigEmbeddedWebApplicationContext@7dcc9b82: startup date [Mon Sep 14 08:12:47 EDT 2015]; parent: org.springframework.context.annotation.AnnotationConfigApplicationContext@6d23e5fd
2015-09-14 08:13:08.359  INFO 5874 --- [    Test worker] o.s.c.support.DefaultLifecycleProcessor  : Stopping beans in phase 0
2015-09-14 08:13:08.359  INFO 5874 --- [    Test worker] o.s.c.support.DefaultLifecycleProcessor  : Stopping beans in phase -2147483648
2015-09-14 08:13:08.362  INFO 5874 --- [eaderSelector-0] o.s.x.d.s.a.d.zk.DeploymentSupervisor    : Leadership canceled due to thread interrupt
2015-09-14 08:13:08.365  INFO 5874 --- [id:0 cport:-1):] o.a.z.server.PrepRequestProcessor        : Got user-level KeeperException when processing sessionid:0x14fcbc593ba0000 type:delete cxid:0x153 zxid:0x5c txntype:-1 reqpath:n/a Error Path:/tmp/xd/adminelection/_c_066214bc-8062-4ebd-8ef3-ad775866a92f-lock-0000000000 Error:KeeperErrorCode = NoNode for /tmp/xd/adminelection/_c_066214bc-8062-4ebd-8ef3-ad775866a92f-lock-0000000000
2015-09-14 08:13:08.432  INFO 5874 --- [    Test worker] o.s.c.support.DefaultLifecycleProcessor  : Stopping beans in phase 2147483647
2015-09-14 08:13:08.434  INFO 5874 --- [id:0 cport:-1):] o.a.z.server.PrepRequestProcessor        : Processed session termination for sessionid: 0x14fcbc593ba0000
2015-09-14 08:13:08.436  INFO 5874 --- [ker-EventThread] org.apache.zookeeper.ClientCnxn          : EventThread shut down
2015-09-14 08:13:08.436  INFO 5874 --- [    Test worker] org.apache.zookeeper.ZooKeeper           : Session: 0x14fcbc593ba0000 closed
2015-09-14 08:13:08.436  INFO 5874 --- [    Test worker] o.s.c.support.DefaultLifecycleProcessor  : Stopping beans in phase 0
2015-09-14 08:13:08.440  INFO 5874 --- [0/0.0.0.0:63273] o.apache.zookeeper.server.NIOServerCnxn  : Closed socket connection for client /127.0.0.1:43917 which had sessionid 0x14fcbc593ba0000
2015-09-14 08:13:08.440  INFO 5874 --- [0/0.0.0.0:63273] o.a.z.server.NIOServerCnxnFactory        : NIOServerCnxn factory exited run method
2015-09-14 08:13:08.440  INFO 5874 --- [ Server Starter] o.a.zookeeper.server.ZooKeeperServer     : shutting down
2015-09-14 08:13:08.441  INFO 5874 --- [ Server Starter] o.a.zookeeper.server.SessionTrackerImpl  : Shutting down
2015-09-14 08:13:08.441  INFO 5874 --- [    Test worker] o.a.zookeeper.server.ZooKeeperServer     : shutting down
2015-09-14 08:13:08.441  INFO 5874 --- [ Server Starter] o.a.z.server.PrepRequestProcessor        : Shutting down
2015-09-14 08:13:08.441  INFO 5874 --- [    Test worker] o.a.zookeeper.server.SessionTrackerImpl  : Shutting down
2015-09-14 08:13:08.441  INFO 5874 --- [ Server Starter] o.a.z.server.SyncRequestProcessor        : Shutting down
2015-09-14 08:13:08.441  INFO 5874 --- [id:0 cport:-1):] o.a.z.server.PrepRequestProcessor        : PrepRequestProcessor exited loop!
2015-09-14 08:13:08.442  INFO 5874 --- [   SyncThread:0] o.a.z.server.SyncRequestProcessor        : SyncRequestProcessor exited!
2015-09-14 08:13:08.442  INFO 5874 --- [ Server Starter] o.a.z.server.FinalRequestProcessor       : shutdown of request processor complete
2015-09-14 08:13:08.443  INFO 5874 --- [    Test worker] o.a.z.server.PrepRequestProcessor        : Shutting down
2015-09-14 08:13:08.444  INFO 5874 --- [    Test worker] o.a.z.server.SyncRequestProcessor        : Shutting down
2015-09-14 08:13:08.444  INFO 5874 --- [    Test worker] o.a.z.server.FinalRequestProcessor       : shutdown of request processor complete
2015-09-14 08:13:08.444  INFO 5874 --- [    Test worker] o.s.c.support.DefaultLifecycleProcessor  : Stopping beans in phase -2147483648
2015-09-14 08:13:08.445  INFO 5874 --- [    Test worker] s.c.a.AnnotationConfigApplicationContext : Closing org.springframework.context.annotation.AnnotationConfigApplicationContext@7559d51: startup date [Mon Sep 14 08:12:38 EDT 2015]; root of context hierarchy
2015-09-14 08:13:08.446  INFO 5874 --- [    Test worker] o.s.c.support.DefaultLifecycleProcessor  : Stopping beans in phase 2147483647
2015-09-14 08:13:08.446  INFO 5874 --- [    Test worker] o.s.c.support.DefaultLifecycleProcessor  : Stopping beans in phase 0
2015-09-14 08:13:08.446  INFO 5874 --- [    Test worker] o.s.i.endpoint.EventDrivenConsumer       : Removing {logging-channel-adapter:_org.springframework.integration.errorLogger} as a subscriber to the 'errorChannel' channel
2015-09-14 08:13:08.446  INFO 5874 --- [    Test worker] o.s.i.channel.PublishSubscribeChannel    : Channel 'application:default,admin,singlenode:59535.errorChannel' has 0 subscriber(s).
2015-09-14 08:13:08.446  INFO 5874 --- [    Test worker] o.s.i.endpoint.EventDrivenConsumer       : stopped _org.springframework.integration.errorLogger
2015-09-14 08:13:08.446  INFO 5874 --- [    Test worker] o.s.c.support.DefaultLifecycleProcessor  : Stopping beans in phase -2147483648
2015-09-14 08:13:08.447  INFO 5874 --- [    Test worker] o.s.s.concurrent.ThreadPoolTaskExecutor  : Shutting down ExecutorService 'metricsExecutor'
2015-09-14 08:13:08.447  INFO 5874 --- [    Test worker] o.s.x.b.hsqldb.server.HSQLServerBean     : HSQL Server Shutdown sequence initiated
2015-09-14 08:13:08.448  INFO 5874 --- [    Test worker] o.s.x.b.hsqldb.server.HSQLServerBean     : HSQL Server Shutdown completed.
2015-09-14 08:13:08.448  INFO 5874 --- [    Test worker] o.s.s.c.ThreadPoolTaskScheduler          : Shutting down ExecutorService 'scheduler'
2015-09-14 08:13:08.448  INFO 5874 --- [    Test worker] o.s.s.c.ThreadPoolTaskScheduler          : Shutting down ExecutorService 'taskScheduler'
]]></system-out>
  <system-err><![CDATA[]]></system-err>
</testsuite>
